{
  "stats": {
    "suites": 1,
    "tests": 1,
    "passes": 1,
    "pending": 0,
    "failures": 0,
    "start": "2020-07-24T09:05:39.582Z",
    "end": "2020-07-24T09:05:47.422Z",
    "duration": 7840,
    "testsRegistered": 1,
    "passPercent": 100,
    "pendingPercent": 0,
    "other": 0,
    "hasOther": false,
    "skipped": 0,
    "hasSkipped": false
  },
  "results": [
    {
      "uuid": "96bc2aed-8036-40e4-92ba-df5aa8dd6e7f",
      "title": "",
      "fullFile": "cypress/integration/QA-FE/test-uploadFile.spec.js",
      "file": "cypress/integration/QA-FE/test-uploadFile.spec.js",
      "beforeHooks": [],
      "afterHooks": [],
      "tests": [],
      "suites": [
        {
          "uuid": "f102c62a-92ae-4687-8795-92c1eb6266e3",
          "title": "Working with plugins",
          "fullFile": "",
          "file": "",
          "beforeHooks": [],
          "afterHooks": [],
          "tests": [
            {
              "title": "File upload",
              "fullTitle": "Working with plugins File upload",
              "timedOut": null,
              "duration": 1519,
              "state": "passed",
              "speed": "slow",
              "pass": true,
              "fail": false,
              "pending": false,
              "context": null,
              "code": "cy.visit('https://cgi-lib.berkeley.edu/ex/fup.html');\nvar fileName = 'test.txt';\ncy.get('[type=\"file\"]').attachFile(fileName);\ncy.get('[type=\"submit\"]').click();\ncy.contains(\"You've uploaded a file. Your notes on the file were:\");\ncy.get('pre').contains('test upload file');",
              "err": {},
              "uuid": "9b4ef310-7f26-41f6-9c88-d444482012a6",
              "parentUUID": "f102c62a-92ae-4687-8795-92c1eb6266e3",
              "isHook": false,
              "skipped": false
            }
          ],
          "suites": [],
          "passes": [
            "9b4ef310-7f26-41f6-9c88-d444482012a6"
          ],
          "failures": [],
          "pending": [],
          "skipped": [],
          "duration": 1519,
          "root": false,
          "rootEmpty": false,
          "_timeout": 2000
        }
      ],
      "passes": [],
      "failures": [],
      "pending": [],
      "skipped": [],
      "duration": 0,
      "root": true,
      "rootEmpty": true,
      "_timeout": 2000
    }
  ],
  "meta": {
    "mocha": {
      "version": "7.0.1"
    },
    "mochawesome": {
      "options": {
        "quiet": false,
        "reportFilename": "mochawesome",
        "saveHtml": false,
        "saveJson": true,
        "consoleReporter": "spec",
        "useInlineDiffs": false,
        "code": true
      },
      "version": "6.1.1"
    },
    "marge": {
      "options": {
        "id": "default",
        "reportDir": "cypress/reports/mocha",
        "quite": true,
        "overwrite": false,
        "html": false,
        "json": true
      },
      "version": "5.1.0"
    }
  }
}