{
  "stats": {
    "suites": 1,
    "tests": 1,
    "passes": 0,
    "pending": 0,
    "failures": 1,
    "start": "2020-07-24T09:01:26.085Z",
    "end": "2020-07-24T09:02:07.514Z",
    "duration": 41429,
    "testsRegistered": 1,
    "passPercent": 0,
    "pendingPercent": 0,
    "other": 0,
    "hasOther": false,
    "skipped": 0,
    "hasSkipped": false
  },
  "results": [
    {
      "uuid": "4a5d5109-4db2-44d7-b0db-a9823daf61e2",
      "title": "",
      "fullFile": "cypress/integration/ObjectModelLogin/test-POMLogin.spec.js",
      "file": "cypress/integration/ObjectModelLogin/test-POMLogin.spec.js",
      "beforeHooks": [],
      "afterHooks": [],
      "tests": [],
      "suites": [
        {
          "uuid": "2368e282-f434-4dc1-b2ca-939af9d88884",
          "title": "Login",
          "fullFile": "",
          "file": "",
          "beforeHooks": [],
          "afterHooks": [],
          "tests": [
            {
              "title": "Sign in",
              "fullTitle": "Login Sign in",
              "timedOut": null,
              "duration": 41317,
              "state": "failed",
              "speed": null,
              "pass": false,
              "fail": true,
              "pending": false,
              "context": null,
              "code": "cy.visit('/buyer/login?next=https%253A%252F%252Fshopee.vn%252F');\ncy.fixture('variable').then(function (user) {\n  login.email().type(user.email);\n  login.password().type(user.password);\n});\nlogin.signInButton().should('be.visible').click();\ncy.wait(30000);\ncy.get('._25c6dS').click();\ncy.url().should('eq', 'https://shopee.vn/');\ncy.get('.navbar__username').contains('levanthao_2104');",
              "err": {
                "message": "CypressError: Timed out retrying: `cy.click()` failed because this element is `disabled`:\n\n`<button class=\"_25c6dS _2revuH CCz-NV _3LF8FC _1wmlc0 _1YKfmR E73q_w\" disabled=\"\">Xác nhận</button>`\n\nFix this problem, or use `{force: true}` to disable error checking.\n\nhttps://on.cypress.io/element-cannot-be-interacted-with",
                "estack": "CypressError: Timed out retrying: `cy.click()` failed because this element is `disabled`:\n\n`<button class=\"_25c6dS _2revuH CCz-NV _3LF8FC _1wmlc0 _1YKfmR E73q_w\" disabled=\"\">Xác nhận</button>`\n\nFix this problem, or use `{force: true}` to disable error checking.\n\nhttps://on.cypress.io/element-cannot-be-interacted-with\n    at $Cy.ensureNotDisabled (https://shopee.vn/__cypress/runner/cypress_runner.js:159656:24)\n    at runAllChecks (https://shopee.vn/__cypress/runner/cypress_runner.js:148809:14)\n    at retryActionability (https://shopee.vn/__cypress/runner/cypress_runner.js:148865:16)\n    at tryCatcher (https://shopee.vn/__cypress/runner/cypress_runner.js:10130:23)\n    at Function.Promise.attempt.Promise.try (https://shopee.vn/__cypress/runner/cypress_runner.js:7404:29)\n    at tryFn (https://shopee.vn/__cypress/runner/cypress_runner.js:162938:24)\n    at whenStable (https://shopee.vn/__cypress/runner/cypress_runner.js:162979:12)\n    at https://shopee.vn/__cypress/runner/cypress_runner.js:162502:16\n    at tryCatcher (https://shopee.vn/__cypress/runner/cypress_runner.js:10130:23)\n    at Promise._settlePromiseFromHandler (https://shopee.vn/__cypress/runner/cypress_runner.js:8065:31)\n    at Promise._settlePromise (https://shopee.vn/__cypress/runner/cypress_runner.js:8122:18)\n    at Promise._settlePromise0 (https://shopee.vn/__cypress/runner/cypress_runner.js:8167:10)\n    at Promise._settlePromises (https://shopee.vn/__cypress/runner/cypress_runner.js:8247:18)\n    at Promise._fulfill (https://shopee.vn/__cypress/runner/cypress_runner.js:8191:18)\n    at https://shopee.vn/__cypress/runner/cypress_runner.js:9805:46\nFrom Your Spec Code:\n    at Context.eval (https://shopee.vn/__cypress/tests?p=cypress/integration/ObjectModelLogin/test-POMLogin.spec.js:94:24)",
                "diff": null
              },
              "uuid": "2ded640d-2a9e-4224-80ba-d7c1210edcb6",
              "parentUUID": "2368e282-f434-4dc1-b2ca-939af9d88884",
              "isHook": false,
              "skipped": false
            }
          ],
          "suites": [],
          "passes": [],
          "failures": [
            "2ded640d-2a9e-4224-80ba-d7c1210edcb6"
          ],
          "pending": [],
          "skipped": [],
          "duration": 41317,
          "root": false,
          "rootEmpty": false,
          "_timeout": 2000
        }
      ],
      "passes": [],
      "failures": [],
      "pending": [],
      "skipped": [],
      "duration": 0,
      "root": true,
      "rootEmpty": true,
      "_timeout": 2000
    }
  ],
  "meta": {
    "mocha": {
      "version": "7.0.1"
    },
    "mochawesome": {
      "options": {
        "quiet": false,
        "reportFilename": "mochawesome",
        "saveHtml": false,
        "saveJson": true,
        "consoleReporter": "spec",
        "useInlineDiffs": false,
        "code": true
      },
      "version": "6.1.1"
    },
    "marge": {
      "options": {
        "id": "default",
        "reportDir": "cypress/reports/mocha",
        "quite": true,
        "overwrite": false,
        "html": false,
        "json": true
      },
      "version": "5.1.0"
    }
  }
}