{
  "stats": {
    "suites": 1,
    "tests": 2,
    "passes": 2,
    "pending": 0,
    "failures": 0,
    "start": "2020-07-24T04:14:00.154Z",
    "end": "2020-07-24T04:14:36.963Z",
    "duration": 36809,
    "testsRegistered": 2,
    "passPercent": 100,
    "pendingPercent": 0,
    "other": 0,
    "hasOther": false,
    "skipped": 0,
    "hasSkipped": false
  },
  "results": [
    {
      "uuid": "e1830741-dfa9-4e65-80f4-16844c5f53f1",
      "title": "",
      "fullFile": "cypress/integration/QA-FE/test-search.js",
      "file": "cypress/integration/QA-FE/test-search.js",
      "beforeHooks": [],
      "afterHooks": [],
      "tests": [],
      "suites": [
        {
          "uuid": "fff3fff1-b53c-4780-bcb1-193d2eeb0845",
          "title": "Search Test",
          "fullFile": "",
          "file": "",
          "beforeHooks": [],
          "afterHooks": [],
          "tests": [
            {
              "title": "Search for inappropriate products",
              "fullTitle": "Search Test Search for inappropriate products",
              "timedOut": null,
              "duration": 19117,
              "state": "passed",
              "speed": "slow",
              "pass": true,
              "fail": false,
              "pending": false,
              "context": null,
              "code": "cy.get('.shopee-searchbar-input__input').type(searchFail);\ncy.get('.btn').click();\ncy.wait(3000);\ncy.url().should('eq', \"https://shopee.vn/search?keyword=\".concat(searchFail));\ncy.wait(3000);\ncy.get('.shopee-search-empty-result-section').should('be.visible');",
              "err": {},
              "uuid": "013b19c1-4f6d-4f69-9161-b9ff22d66804",
              "parentUUID": "fff3fff1-b53c-4780-bcb1-193d2eeb0845",
              "isHook": false,
              "skipped": false
            },
            {
              "title": "Search tivi samsung",
              "fullTitle": "Search Test Search tivi samsung",
              "timedOut": null,
              "duration": 17351,
              "state": "passed",
              "speed": "slow",
              "pass": true,
              "fail": false,
              "pending": false,
              "context": null,
              "code": "cy.get('.shopee-searchbar-input__input').type('{selectall}').type('{del}').type(search);\ncy.get('.btn').click();\ncy.wait(3000);\ncy.url().should('eq', \"https://shopee.vn/search?keyword=\".concat(search));\ncy.wait(3000);\ncy.get(':nth-child(5) > .shopee-recommend-search-word > .shopee-recommend-search-word__mask').click();\ncy.wait(3000);\ncy.get(':nth-child(5) > .shopee-recommend-search-word > .shopee-recommend-search-word__mask').click();\ncy.wait(3000);\ncy.get('.shopee-search-result-header__text').contains('Kết quả tìm kiếm cho từ khoá \\'samsung thiết bị điện tử tivi\\'');\ncy.get('.row > .shopee-search-item-result__item').its('length').should('be.gt', 0);\ncy.get('.row > :nth-child(1)').contains('Samsung');",
              "err": {},
              "uuid": "f9ecae3d-decd-4789-9c54-f0c13958a26c",
              "parentUUID": "fff3fff1-b53c-4780-bcb1-193d2eeb0845",
              "isHook": false,
              "skipped": false
            }
          ],
          "suites": [],
          "passes": [
            "013b19c1-4f6d-4f69-9161-b9ff22d66804",
            "f9ecae3d-decd-4789-9c54-f0c13958a26c"
          ],
          "failures": [],
          "pending": [],
          "skipped": [],
          "duration": 36468,
          "root": false,
          "rootEmpty": false,
          "_timeout": 2000
        }
      ],
      "passes": [],
      "failures": [],
      "pending": [],
      "skipped": [],
      "duration": 0,
      "root": true,
      "rootEmpty": true,
      "_timeout": 2000
    }
  ],
  "meta": {
    "mocha": {
      "version": "7.0.1"
    },
    "mochawesome": {
      "options": {
        "quiet": false,
        "reportFilename": "mochawesome",
        "saveHtml": false,
        "saveJson": true,
        "consoleReporter": "spec",
        "useInlineDiffs": false,
        "code": true
      },
      "version": "6.1.1"
    },
    "marge": {
      "options": {
        "id": "default",
        "reportDir": "cypress/reports/mocha",
        "quite": true,
        "overwrite": false,
        "html": false,
        "json": true
      },
      "version": "5.1.0"
    }
  }
}