{
  "stats": {
    "suites": 2,
    "tests": 3,
    "passes": 0,
    "pending": 3,
    "failures": 0,
    "start": "2020-07-24T09:02:54.323Z",
    "end": "2020-07-24T09:03:35.240Z",
    "duration": 40917,
    "testsRegistered": 4,
    "passPercent": 0,
    "pendingPercent": 75,
    "other": 1,
    "hasOther": true,
    "skipped": 1,
    "hasSkipped": true
  },
  "results": [
    {
      "uuid": "221cd312-b1e5-4bfc-a917-f01166cc176e",
      "title": "",
      "fullFile": "cypress/integration/QA-FE/test-cart.spec.js",
      "file": "cypress/integration/QA-FE/test-cart.spec.js",
      "beforeHooks": [],
      "afterHooks": [],
      "tests": [],
      "suites": [
        {
          "uuid": "d5e286bb-9ed7-4c66-ab45-94dc7dd741ab",
          "title": "Cart Test",
          "fullFile": "",
          "file": "",
          "beforeHooks": [],
          "afterHooks": [],
          "tests": [
            {
              "title": "Check the cart when have not login",
              "fullTitle": "Cart Test Check the cart when have not login",
              "timedOut": null,
              "duration": 0,
              "state": "pending",
              "speed": null,
              "pass": false,
              "fail": false,
              "pending": true,
              "context": null,
              "code": "",
              "err": {},
              "uuid": "27801630-d7da-43a3-8f61-28233ef030db",
              "parentUUID": "d5e286bb-9ed7-4c66-ab45-94dc7dd741ab",
              "isHook": false,
              "skipped": false
            }
          ],
          "suites": [
            {
              "uuid": "c4412ab5-6031-4614-9785-124325fd9d39",
              "title": "Check Cart When Login",
              "fullFile": "",
              "file": "",
              "beforeHooks": [],
              "afterHooks": [],
              "tests": [
                {
                  "title": "Check the cart when you have not added the product",
                  "fullTitle": "Cart Test Check Cart When Login Check the cart when you have not added the product",
                  "timedOut": null,
                  "duration": 0,
                  "state": "pending",
                  "speed": null,
                  "pass": false,
                  "fail": false,
                  "pending": true,
                  "context": null,
                  "code": "",
                  "err": {},
                  "uuid": "9214affe-d5e3-4e15-ae23-dc6a5edea4e4",
                  "parentUUID": "c4412ab5-6031-4614-9785-124325fd9d39",
                  "isHook": false,
                  "skipped": false
                },
                {
                  "title": "Check add product to cart",
                  "fullTitle": "Cart Test Check Cart When Login Check add product to cart",
                  "timedOut": null,
                  "duration": 0,
                  "state": "pending",
                  "speed": null,
                  "pass": false,
                  "fail": false,
                  "pending": true,
                  "context": null,
                  "code": "",
                  "err": {},
                  "uuid": "fc86388c-05c2-4d7e-bc94-66677b730ef1",
                  "parentUUID": "c4412ab5-6031-4614-9785-124325fd9d39",
                  "isHook": false,
                  "skipped": false
                },
                {
                  "title": "Delete product in cart",
                  "fullTitle": "Cart Test Check Cart When Login Delete product in cart",
                  "timedOut": null,
                  "duration": 40816,
                  "state": "failed",
                  "speed": null,
                  "pass": false,
                  "fail": true,
                  "pending": false,
                  "context": null,
                  "code": "cy.get('.cart-drawer-container').click();\ncy.wait(3000);\ncy.url().should('includes', '/shopping_cart');\ncy.get('.cart-item__cell-actions').click();\ncy.wait(2000);\ncy.get('.shopee-alert-popup').should('be.visible');\ncy.get('.shopee-alert-popup__button-horizontal-layout > .btn-solid-primary').click();\ncy.wait(2000);\ncy.get('.UM4yVY').contains('Giỏ hàng của bạn còn trống');",
                  "err": {
                    "message": "CypressError: Timed out retrying: `cy.click()` failed because this element is `disabled`:\n\n`<button class=\"_25c6dS _2revuH CCz-NV _3LF8FC _1wmlc0 _1YKfmR E73q_w\" disabled=\"\">Xác nhận</button>`\n\nFix this problem, or use `{force: true}` to disable error checking.\n\nhttps://on.cypress.io/element-cannot-be-interacted-with\n\nBecause this error occurred during a `before each` hook we are skipping the remaining tests in the current suite: `Check Cart When Login`",
                    "estack": "CypressError: Timed out retrying: `cy.click()` failed because this element is `disabled`:\n\n`<button class=\"_25c6dS _2revuH CCz-NV _3LF8FC _1wmlc0 _1YKfmR E73q_w\" disabled=\"\">Xác nhận</button>`\n\nFix this problem, or use `{force: true}` to disable error checking.\n\nhttps://on.cypress.io/element-cannot-be-interacted-with\n\nBecause this error occurred during a `before each` hook we are skipping the remaining tests in the current suite: `Check Cart When Login`\n    at $Cy.ensureNotDisabled (https://shopee.vn/__cypress/runner/cypress_runner.js:159656:24)\n    at runAllChecks (https://shopee.vn/__cypress/runner/cypress_runner.js:148809:14)\n    at retryActionability (https://shopee.vn/__cypress/runner/cypress_runner.js:148865:16)\n    at tryCatcher (https://shopee.vn/__cypress/runner/cypress_runner.js:10130:23)\n    at Function.Promise.attempt.Promise.try (https://shopee.vn/__cypress/runner/cypress_runner.js:7404:29)\n    at tryFn (https://shopee.vn/__cypress/runner/cypress_runner.js:162938:24)\n    at whenStable (https://shopee.vn/__cypress/runner/cypress_runner.js:162979:12)\n    at https://shopee.vn/__cypress/runner/cypress_runner.js:162502:16\n    at tryCatcher (https://shopee.vn/__cypress/runner/cypress_runner.js:10130:23)\n    at Promise._settlePromiseFromHandler (https://shopee.vn/__cypress/runner/cypress_runner.js:8065:31)\n    at Promise._settlePromise (https://shopee.vn/__cypress/runner/cypress_runner.js:8122:18)\n    at Promise._settlePromise0 (https://shopee.vn/__cypress/runner/cypress_runner.js:8167:10)\n    at Promise._settlePromises (https://shopee.vn/__cypress/runner/cypress_runner.js:8247:18)\n    at Promise._fulfill (https://shopee.vn/__cypress/runner/cypress_runner.js:8191:18)\n    at https://shopee.vn/__cypress/runner/cypress_runner.js:9805:46\nFrom Your Spec Code:\n    at Context.eval (https://shopee.vn/__cypress/tests?p=cypress/support/index.js:528:22)",
                    "diff": null
                  },
                  "uuid": "34b5a888-e3e2-4e84-88ee-00a288930d1f",
                  "parentUUID": "c4412ab5-6031-4614-9785-124325fd9d39",
                  "isHook": false,
                  "skipped": false
                }
              ],
              "suites": [],
              "passes": [],
              "failures": [
                "34b5a888-e3e2-4e84-88ee-00a288930d1f"
              ],
              "pending": [
                "9214affe-d5e3-4e15-ae23-dc6a5edea4e4",
                "fc86388c-05c2-4d7e-bc94-66677b730ef1"
              ],
              "skipped": [],
              "duration": 40816,
              "root": false,
              "rootEmpty": false,
              "_timeout": 2000
            }
          ],
          "passes": [],
          "failures": [],
          "pending": [
            "27801630-d7da-43a3-8f61-28233ef030db"
          ],
          "skipped": [],
          "duration": 0,
          "root": false,
          "rootEmpty": false,
          "_timeout": 2000
        }
      ],
      "passes": [],
      "failures": [],
      "pending": [],
      "skipped": [],
      "duration": 0,
      "root": true,
      "rootEmpty": true,
      "_timeout": 2000
    }
  ],
  "meta": {
    "mocha": {
      "version": "7.0.1"
    },
    "mochawesome": {
      "options": {
        "quiet": false,
        "reportFilename": "mochawesome",
        "saveHtml": false,
        "saveJson": true,
        "consoleReporter": "spec",
        "useInlineDiffs": false,
        "code": true
      },
      "version": "6.1.1"
    },
    "marge": {
      "options": {
        "id": "default",
        "reportDir": "cypress/reports/mocha",
        "quite": true,
        "overwrite": false,
        "html": false,
        "json": true
      },
      "version": "5.1.0"
    }
  }
}