{
  "stats": {
    "suites": 1,
    "tests": 5,
    "passes": 5,
    "pending": 0,
    "failures": 0,
    "start": "2020-07-24T09:04:45.797Z",
    "end": "2020-07-24T09:04:58.754Z",
    "duration": 12957,
    "testsRegistered": 5,
    "passPercent": 100,
    "pendingPercent": 0,
    "other": 0,
    "hasOther": false,
    "skipped": 0,
    "hasSkipped": false
  },
  "results": [
    {
      "uuid": "22657315-a3a2-4372-982d-533b4e5417ba",
      "title": "",
      "fullFile": "cypress/integration/QA-FE/test-reponsive.spec.js",
      "file": "cypress/integration/QA-FE/test-reponsive.spec.js",
      "beforeHooks": [],
      "afterHooks": [],
      "tests": [],
      "suites": [
        {
          "uuid": "a01ed523-66e8-4d12-b12c-5aa135eda606",
          "title": "Reponsive Test",
          "fullFile": "",
          "file": "",
          "beforeHooks": [],
          "afterHooks": [],
          "tests": [
            {
              "title": "has a visible star logo",
              "fullTitle": "Reponsive Test has a visible star logo",
              "timedOut": null,
              "duration": 2716,
              "state": "passed",
              "speed": "slow",
              "pass": true,
              "fail": false,
              "pending": false,
              "context": null,
              "code": "cy.get('.icon-logo-star').should('be.visible');",
              "err": {},
              "uuid": "0671e67d-172d-4007-bc8e-b8ccbad1a606",
              "parentUUID": "a01ed523-66e8-4d12-b12c-5aa135eda606",
              "isHook": false,
              "skipped": false
            },
            {
              "title": "contains \"CSS-Tricks\" in the title",
              "fullTitle": "Reponsive Test contains \"CSS-Tricks\" in the title",
              "timedOut": null,
              "duration": 1554,
              "state": "passed",
              "speed": "slow",
              "pass": true,
              "fail": false,
              "pending": false,
              "context": null,
              "code": "cy.title().should('contain', 'CSS-Tricks');",
              "err": {},
              "uuid": "7379454c-782f-4e34-b5d8-ceed3c04a68e",
              "parentUUID": "a01ed523-66e8-4d12-b12c-5aa135eda606",
              "isHook": false,
              "skipped": false
            },
            {
              "title": "with a screen of desktop viewport",
              "fullTitle": "Reponsive Test with a screen of desktop viewport",
              "timedOut": null,
              "duration": 1505,
              "state": "passed",
              "speed": "slow",
              "pass": true,
              "fail": false,
              "pending": false,
              "context": null,
              "code": "cy.viewport(1366, 1080);\ncy.get('#search-input').should('be.visible');",
              "err": {},
              "uuid": "057c7117-700c-4d1a-b8d0-490941b9f323",
              "parentUUID": "a01ed523-66e8-4d12-b12c-5aa135eda606",
              "isHook": false,
              "skipped": false
            },
            {
              "title": "with a screen of ipad pro viewport",
              "fullTitle": "Reponsive Test with a screen of ipad pro viewport",
              "timedOut": null,
              "duration": 1669,
              "state": "passed",
              "speed": "slow",
              "pass": true,
              "fail": false,
              "pending": false,
              "context": null,
              "code": "cy.viewport(1024, 1366);\ncy.get('#search-input').should('be.hidden');",
              "err": {},
              "uuid": "f49c6729-2647-404c-8170-bdd0b23f9453",
              "parentUUID": "a01ed523-66e8-4d12-b12c-5aa135eda606",
              "isHook": false,
              "skipped": false
            },
            {
              "title": "with a screen of iphone 6/7/8 plus viewport",
              "fullTitle": "Reponsive Test with a screen of iphone 6/7/8 plus viewport",
              "timedOut": null,
              "duration": 1354,
              "state": "passed",
              "speed": "slow",
              "pass": true,
              "fail": false,
              "pending": false,
              "context": null,
              "code": "cy.viewport(414, 736);\ncy.get('.icon-burger').should('be.visible');",
              "err": {},
              "uuid": "36ace571-6884-433c-90ca-acbe12ece516",
              "parentUUID": "a01ed523-66e8-4d12-b12c-5aa135eda606",
              "isHook": false,
              "skipped": false
            }
          ],
          "suites": [],
          "passes": [
            "0671e67d-172d-4007-bc8e-b8ccbad1a606",
            "7379454c-782f-4e34-b5d8-ceed3c04a68e",
            "057c7117-700c-4d1a-b8d0-490941b9f323",
            "f49c6729-2647-404c-8170-bdd0b23f9453",
            "36ace571-6884-433c-90ca-acbe12ece516"
          ],
          "failures": [],
          "pending": [],
          "skipped": [],
          "duration": 8798,
          "root": false,
          "rootEmpty": false,
          "_timeout": 2000
        }
      ],
      "passes": [],
      "failures": [],
      "pending": [],
      "skipped": [],
      "duration": 0,
      "root": true,
      "rootEmpty": true,
      "_timeout": 2000
    }
  ],
  "meta": {
    "mocha": {
      "version": "7.0.1"
    },
    "mochawesome": {
      "options": {
        "quiet": false,
        "reportFilename": "mochawesome",
        "saveHtml": false,
        "saveJson": true,
        "consoleReporter": "spec",
        "useInlineDiffs": false,
        "code": true
      },
      "version": "6.1.1"
    },
    "marge": {
      "options": {
        "id": "default",
        "reportDir": "cypress/reports/mocha",
        "quite": true,
        "overwrite": false,
        "html": false,
        "json": true
      },
      "version": "5.1.0"
    }
  }
}