{
  "stats": {
    "suites": 1,
    "tests": 0,
    "passes": 0,
    "pending": 0,
    "failures": 0,
    "start": "2020-07-22T10:22:57.129Z",
    "end": "2020-07-22T10:23:32.798Z",
    "duration": 35669,
    "testsRegistered": 3,
    "passPercent": 0,
    "pendingPercent": 0,
    "other": 1,
    "hasOther": true,
    "skipped": 3,
    "hasSkipped": true
  },
  "results": [
    {
      "uuid": "ff3e6b3e-9614-4e6c-8e24-ca16c7b473ec",
      "title": "",
      "fullFile": "cypress/integration/QA-FE/test-cart.js",
      "file": "cypress/integration/QA-FE/test-cart.js",
      "beforeHooks": [],
      "afterHooks": [],
      "tests": [],
      "suites": [
        {
          "uuid": "f9f3b812-320d-495b-9a86-ff6cea63a34e",
          "title": "Cart Test",
          "fullFile": "",
          "file": "",
          "beforeHooks": [],
          "afterHooks": [],
          "tests": [
            {
              "title": "Check the cart when have not login",
              "fullTitle": "Cart Test Check the cart when have not login",
              "timedOut": null,
              "duration": 35213,
              "state": "failed",
              "speed": null,
              "pass": false,
              "fail": true,
              "pending": false,
              "context": null,
              "code": "cy.visit(\"/\", {\n  timeout: 30000\n});\ncy.get('.home-page').should(\"be.visible\");\ncy.get('.cart-drawer-container').click();\ncy.wait(3000);\ncy.url().should('includes', '/login');",
              "err": {
                "message": "CypressError: `cy.click()` can only be called on a single element. Your subject contained 4 elements. Pass `{ multiple: true }` if you want to serially click each element.\n\nhttps://on.cypress.io/click\n\nBecause this error occurred during a `before all` hook we are skipping the remaining tests in the current suite: `Cart Test`",
                "estack": "CypressError: `cy.click()` can only be called on a single element. Your subject contained 4 elements. Pass `{ multiple: true }` if you want to serially click each element.\n\nhttps://on.cypress.io/click\n\nBecause this error occurred during a `before all` hook we are skipping the remaining tests in the current suite: `Cart Test`\n    at mouseAction (https://shopee.vn/__cypress/runner/cypress_runner.js:150743:17)\n    at Context.click (https://shopee.vn/__cypress/runner/cypress_runner.js:150887:14)\n    at Context.<anonymous> (https://shopee.vn/__cypress/runner/cypress_runner.js:167622:21)\nFrom Your Spec Code:\n    at Context.eval (https://shopee.vn/__cypress/tests?p=cypress/support/index.js:567:22)",
                "diff": null
              },
              "uuid": "79de839e-7e7e-4ac2-b6ff-2da33bf9f224",
              "parentUUID": "f9f3b812-320d-495b-9a86-ff6cea63a34e",
              "isHook": false,
              "skipped": false
            },
            {
              "title": "Check the cart when you have not added the product",
              "fullTitle": "Cart Test Check the cart when you have not added the product",
              "timedOut": null,
              "duration": 0,
              "state": "skipped",
              "speed": null,
              "pass": false,
              "fail": false,
              "pending": false,
              "context": null,
              "code": "cy.get('.shopee-cart-number-badge').should('be.hidden');\ncy.get('.cart-drawer-container').click();\ncy.wait(3000);\ncy.url().should('includes', '/cart');\ncy.get('._24MWI7 _1IilcX').contains('Giỏ hàng của bạn còn trống');",
              "err": {},
              "uuid": "11de44a9-743e-429a-a86b-6d5f7d73e1b9",
              "parentUUID": "f9f3b812-320d-495b-9a86-ff6cea63a34e",
              "isHook": false,
              "skipped": true
            },
            {
              "title": "Check add product",
              "fullTitle": "Cart Test Check add product",
              "timedOut": null,
              "duration": 0,
              "state": "skipped",
              "speed": null,
              "pass": false,
              "fail": false,
              "pending": false,
              "context": null,
              "code": "cy.get('.shopee-searchbar-input__input').type('{selectall}').type('{del}').type(search);\ncy.get('.btn').click();\ncy.wait(3000);\ncy.url().should('eq', \"https://shopee.vn/search?keyword=\".concat(search));\ncy.wait(3000);\ncy.get(':nth-child(5) > .shopee-recommend-search-word > .shopee-recommend-search-word__mask').click();\ncy.wait(3000);\ncy.get(':nth-child(5) > .shopee-recommend-search-word > .shopee-recommend-search-word__mask').click();\ncy.wait(3000);\ncy.get('.shopee-search-result-header__text').contains('Kết quả tìm kiếm cho từ khoá \\'samsung thiết bị điện tử tivi\\'');\ncy.get('.row > .shopee-search-item-result__item').its('length').should('be.gt', 0);\ncy.get('.row > :nth-child(1)').contains('Samsung');",
              "err": {},
              "uuid": "8f05707c-5f23-4328-a58f-4293cbb90fdb",
              "parentUUID": "f9f3b812-320d-495b-9a86-ff6cea63a34e",
              "isHook": false,
              "skipped": true
            }
          ],
          "suites": [],
          "passes": [],
          "failures": [
            "79de839e-7e7e-4ac2-b6ff-2da33bf9f224"
          ],
          "pending": [],
          "skipped": [
            "11de44a9-743e-429a-a86b-6d5f7d73e1b9",
            "8f05707c-5f23-4328-a58f-4293cbb90fdb"
          ],
          "duration": 35213,
          "root": false,
          "rootEmpty": false,
          "_timeout": 2000
        }
      ],
      "passes": [],
      "failures": [],
      "pending": [],
      "skipped": [],
      "duration": 0,
      "root": true,
      "rootEmpty": true,
      "_timeout": 2000
    }
  ],
  "meta": {
    "mocha": {
      "version": "7.0.1"
    },
    "mochawesome": {
      "options": {
        "quiet": false,
        "reportFilename": "mochawesome",
        "saveHtml": false,
        "saveJson": true,
        "consoleReporter": "spec",
        "useInlineDiffs": false,
        "code": true
      },
      "version": "6.1.1"
    },
    "marge": {
      "options": {
        "id": "default",
        "reportDir": "cypress/reports/mocha",
        "quite": true,
        "overwrite": false,
        "html": false,
        "json": true
      },
      "version": "5.1.0"
    }
  }
}