{
  "stats": {
    "suites": 1,
    "tests": 4,
    "passes": 3,
    "pending": 0,
    "failures": 1,
    "start": "2020-07-24T09:03:49.488Z",
    "end": "2020-07-24T09:04:35.906Z",
    "duration": 46418,
    "testsRegistered": 4,
    "passPercent": 75,
    "pendingPercent": 0,
    "other": 0,
    "hasOther": false,
    "skipped": 0,
    "hasSkipped": false
  },
  "results": [
    {
      "uuid": "8800b274-e6b8-4ebc-9c0e-581236caef9a",
      "title": "",
      "fullFile": "cypress/integration/QA-FE/test-login.spec.js",
      "file": "cypress/integration/QA-FE/test-login.spec.js",
      "beforeHooks": [],
      "afterHooks": [],
      "tests": [],
      "suites": [
        {
          "uuid": "a903c842-6dc9-4b50-b258-edfcde598a8d",
          "title": "Login test",
          "fullFile": "",
          "file": "",
          "beforeHooks": [],
          "afterHooks": [],
          "tests": [
            {
              "title": "Don't type data",
              "fullTitle": "Login test Don't type data",
              "timedOut": null,
              "duration": 6011,
              "state": "passed",
              "speed": "slow",
              "pass": true,
              "fail": false,
              "pending": false,
              "context": null,
              "code": "cy.get('.CCz-NV').should('be.disabled');",
              "err": {},
              "uuid": "5c91aee3-29f7-4687-84c7-90706d39480f",
              "parentUUID": "a903c842-6dc9-4b50-b258-edfcde598a8d",
              "isHook": false,
              "skipped": false
            },
            {
              "title": "Type email and don't type password",
              "fullTitle": "Login test Type email and don't type password",
              "timedOut": null,
              "duration": 1434,
              "state": "passed",
              "speed": "slow",
              "pass": true,
              "fail": false,
              "pending": false,
              "context": null,
              "code": "cy.get('._1HkukX > .FcG1bN > ._56AraZ').type('{selectall}').type('{del}').type(email);\ncy.get('.CCz-NV').should('be.disabled');",
              "err": {},
              "uuid": "f4203426-57b8-4b0f-9f2c-1c5f566b9ccb",
              "parentUUID": "a903c842-6dc9-4b50-b258-edfcde598a8d",
              "isHook": false,
              "skipped": false
            },
            {
              "title": "Account entry does not exist",
              "fullTitle": "Login test Account entry does not exist",
              "timedOut": null,
              "duration": 2415,
              "state": "passed",
              "speed": "slow",
              "pass": true,
              "fail": false,
              "pending": false,
              "context": null,
              "code": "cy.typeData(emailFail, password);\ncy.get('.uud8ko').should('be.visible');\ncy.get('.uud8ko').contains('Đăng nhập KHÔNG thành công. Bạn vui lòng thử lại hoặc đăng nhập bằng cách khác nhé!');",
              "err": {},
              "uuid": "5df0d989-2fb6-4677-89b6-678eb2a3816e",
              "parentUUID": "a903c842-6dc9-4b50-b258-edfcde598a8d",
              "isHook": false,
              "skipped": false
            },
            {
              "title": "Login success",
              "fullTitle": "Login test Login success",
              "timedOut": null,
              "duration": 36436,
              "state": "failed",
              "speed": null,
              "pass": false,
              "fail": true,
              "pending": false,
              "context": null,
              "code": "cy.typeData(email, password);\ncy.get('.CCz-NV').click();\ncy.wait(30000);\ncy.get('._25c6dS').click();\ncy.url().should('eq', 'https://shopee.vn/');\ncy.get('.shopee-popup__close-btn').click();\ncy.get('.navbar__username').contains('levanthao_2104');",
              "err": {
                "message": "CypressError: Timed out retrying: `cy.click()` failed because this element is `disabled`:\n\n`<button class=\"_25c6dS _2revuH CCz-NV _3LF8FC _1wmlc0 _1YKfmR E73q_w\" disabled=\"\">Xác nhận</button>`\n\nFix this problem, or use `{force: true}` to disable error checking.\n\nhttps://on.cypress.io/element-cannot-be-interacted-with",
                "estack": "CypressError: Timed out retrying: `cy.click()` failed because this element is `disabled`:\n\n`<button class=\"_25c6dS _2revuH CCz-NV _3LF8FC _1wmlc0 _1YKfmR E73q_w\" disabled=\"\">Xác nhận</button>`\n\nFix this problem, or use `{force: true}` to disable error checking.\n\nhttps://on.cypress.io/element-cannot-be-interacted-with\n    at $Cy.ensureNotDisabled (https://shopee.vn/__cypress/runner/cypress_runner.js:159656:24)\n    at runAllChecks (https://shopee.vn/__cypress/runner/cypress_runner.js:148809:14)\n    at retryActionability (https://shopee.vn/__cypress/runner/cypress_runner.js:148865:16)\n    at tryCatcher (https://shopee.vn/__cypress/runner/cypress_runner.js:10130:23)\n    at Function.Promise.attempt.Promise.try (https://shopee.vn/__cypress/runner/cypress_runner.js:7404:29)\n    at tryFn (https://shopee.vn/__cypress/runner/cypress_runner.js:162938:24)\n    at whenStable (https://shopee.vn/__cypress/runner/cypress_runner.js:162979:12)\n    at https://shopee.vn/__cypress/runner/cypress_runner.js:162502:16\n    at tryCatcher (https://shopee.vn/__cypress/runner/cypress_runner.js:10130:23)\n    at Promise._settlePromiseFromHandler (https://shopee.vn/__cypress/runner/cypress_runner.js:8065:31)\n    at Promise._settlePromise (https://shopee.vn/__cypress/runner/cypress_runner.js:8122:18)\n    at Promise._settlePromise0 (https://shopee.vn/__cypress/runner/cypress_runner.js:8167:10)\n    at Promise._settlePromises (https://shopee.vn/__cypress/runner/cypress_runner.js:8247:18)\n    at Promise._fulfill (https://shopee.vn/__cypress/runner/cypress_runner.js:8191:18)\n    at https://shopee.vn/__cypress/runner/cypress_runner.js:9805:46\nFrom Your Spec Code:\n    at Context.eval (https://shopee.vn/__cypress/tests?p=cypress/integration/QA-FE/test-login.spec.js:27:24)",
                "diff": null
              },
              "uuid": "d0fe46be-d8d9-4fdf-838b-541b580c6fad",
              "parentUUID": "a903c842-6dc9-4b50-b258-edfcde598a8d",
              "isHook": false,
              "skipped": false
            }
          ],
          "suites": [],
          "passes": [
            "5c91aee3-29f7-4687-84c7-90706d39480f",
            "f4203426-57b8-4b0f-9f2c-1c5f566b9ccb",
            "5df0d989-2fb6-4677-89b6-678eb2a3816e"
          ],
          "failures": [
            "d0fe46be-d8d9-4fdf-838b-541b580c6fad"
          ],
          "pending": [],
          "skipped": [],
          "duration": 46296,
          "root": false,
          "rootEmpty": false,
          "_timeout": 2000
        }
      ],
      "passes": [],
      "failures": [],
      "pending": [],
      "skipped": [],
      "duration": 0,
      "root": true,
      "rootEmpty": true,
      "_timeout": 2000
    }
  ],
  "meta": {
    "mocha": {
      "version": "7.0.1"
    },
    "mochawesome": {
      "options": {
        "quiet": false,
        "reportFilename": "mochawesome",
        "saveHtml": false,
        "saveJson": true,
        "consoleReporter": "spec",
        "useInlineDiffs": false,
        "code": true
      },
      "version": "6.1.1"
    },
    "marge": {
      "options": {
        "id": "default",
        "reportDir": "cypress/reports/mocha",
        "quite": true,
        "overwrite": false,
        "html": false,
        "json": true
      },
      "version": "5.1.0"
    }
  }
}