{
  "stats": {
    "suites": 2,
    "tests": 4,
    "passes": 4,
    "pending": 0,
    "failures": 0,
    "start": "2020-07-24T04:10:38.027Z",
    "end": "2020-07-24T04:10:38.532Z",
    "duration": 505,
    "testsRegistered": 4,
    "passPercent": 100,
    "pendingPercent": 0,
    "other": 0,
    "hasOther": false,
    "skipped": 0,
    "hasSkipped": false
  },
  "results": [
    {
      "uuid": "87db72e4-22a6-4da3-8109-14cde33243c9",
      "title": "",
      "fullFile": "cypress/integration/functions/unit-test.js",
      "file": "cypress/integration/functions/unit-test.js",
      "beforeHooks": [],
      "afterHooks": [],
      "tests": [],
      "suites": [
        {
          "uuid": "1f61aedc-5999-4cc1-b447-ce7be0da5a68",
          "title": "Unit Test Application Code",
          "fullFile": "",
          "file": "",
          "beforeHooks": [],
          "afterHooks": [],
          "tests": [],
          "suites": [
            {
              "uuid": "5424f6e8-0e53-4b43-b45f-2a2a7ae0e074",
              "title": "math.js",
              "fullFile": "",
              "file": "",
              "beforeHooks": [],
              "afterHooks": [],
              "tests": [
                {
                  "title": "can add numbers",
                  "fullTitle": "Unit Test Application Code math.js can add numbers",
                  "timedOut": null,
                  "duration": 158,
                  "state": "passed",
                  "speed": "slow",
                  "pass": true,
                  "fail": false,
                  "pending": false,
                  "context": null,
                  "code": "expect(add(1, 2)).to.eq(3);",
                  "err": {},
                  "uuid": "1695fa97-f9b5-4baa-a1a8-fb0a332679ec",
                  "parentUUID": "5424f6e8-0e53-4b43-b45f-2a2a7ae0e074",
                  "isHook": false,
                  "skipped": false
                },
                {
                  "title": "can subtract numbers",
                  "fullTitle": "Unit Test Application Code math.js can subtract numbers",
                  "timedOut": null,
                  "duration": 70,
                  "state": "passed",
                  "speed": "medium",
                  "pass": true,
                  "fail": false,
                  "pending": false,
                  "context": null,
                  "code": "expect(subtract(5, 12)).to.eq(-7);",
                  "err": {},
                  "uuid": "c86877c2-ede4-44b1-958d-f81acd4ec816",
                  "parentUUID": "5424f6e8-0e53-4b43-b45f-2a2a7ae0e074",
                  "isHook": false,
                  "skipped": false
                },
                {
                  "title": "can divide numbers",
                  "fullTitle": "Unit Test Application Code math.js can divide numbers",
                  "timedOut": null,
                  "duration": 34,
                  "state": "passed",
                  "speed": "fast",
                  "pass": true,
                  "fail": false,
                  "pending": false,
                  "context": null,
                  "code": "expect(divide(27, 9)).to.eq(3);",
                  "err": {},
                  "uuid": "8ea9f755-5ecd-48e4-850f-8b50ab59a1fb",
                  "parentUUID": "5424f6e8-0e53-4b43-b45f-2a2a7ae0e074",
                  "isHook": false,
                  "skipped": false
                },
                {
                  "title": "can muliple numbers",
                  "fullTitle": "Unit Test Application Code math.js can muliple numbers",
                  "timedOut": null,
                  "duration": 53,
                  "state": "passed",
                  "speed": "medium",
                  "pass": true,
                  "fail": false,
                  "pending": false,
                  "context": null,
                  "code": "expect(multiply(5, 4)).to.eq(20);",
                  "err": {},
                  "uuid": "a01282e2-732b-49f5-a6ae-dfce28f3ce34",
                  "parentUUID": "5424f6e8-0e53-4b43-b45f-2a2a7ae0e074",
                  "isHook": false,
                  "skipped": false
                }
              ],
              "suites": [],
              "passes": [
                "1695fa97-f9b5-4baa-a1a8-fb0a332679ec",
                "c86877c2-ede4-44b1-958d-f81acd4ec816",
                "8ea9f755-5ecd-48e4-850f-8b50ab59a1fb",
                "a01282e2-732b-49f5-a6ae-dfce28f3ce34"
              ],
              "failures": [],
              "pending": [],
              "skipped": [],
              "duration": 315,
              "root": false,
              "rootEmpty": false,
              "_timeout": 2000
            }
          ],
          "passes": [],
          "failures": [],
          "pending": [],
          "skipped": [],
          "duration": 0,
          "root": false,
          "rootEmpty": false,
          "_timeout": 2000
        }
      ],
      "passes": [],
      "failures": [],
      "pending": [],
      "skipped": [],
      "duration": 0,
      "root": true,
      "rootEmpty": true,
      "_timeout": 2000
    }
  ],
  "meta": {
    "mocha": {
      "version": "7.0.1"
    },
    "mochawesome": {
      "options": {
        "quiet": false,
        "reportFilename": "mochawesome",
        "saveHtml": false,
        "saveJson": true,
        "consoleReporter": "spec",
        "useInlineDiffs": false,
        "code": true
      },
      "version": "6.1.1"
    },
    "marge": {
      "options": {
        "id": "default",
        "reportDir": "cypress/reports/mocha",
        "quite": true,
        "overwrite": false,
        "html": false,
        "json": true
      },
      "version": "5.1.0"
    }
  }
}