{
  "stats": {
    "suites": 1,
    "tests": 2,
    "passes": 2,
    "pending": 0,
    "failures": 0,
    "start": "2020-07-23T18:31:50.135Z",
    "end": "2020-07-23T18:32:14.301Z",
    "duration": 24166,
    "testsRegistered": 2,
    "passPercent": 100,
    "pendingPercent": 0,
    "other": 0,
    "hasOther": false,
    "skipped": 0,
    "hasSkipped": false
  },
  "results": [
    {
      "uuid": "8f4aea73-bc3d-420c-87b7-c0d8d3509e7d",
      "title": "",
      "fullFile": "cypress/integration/QA-FE/test-search.js",
      "file": "cypress/integration/QA-FE/test-search.js",
      "beforeHooks": [],
      "afterHooks": [],
      "tests": [],
      "suites": [
        {
          "uuid": "e452cb57-7816-4a50-b2df-4b5eec8e49ad",
          "title": "Search Test",
          "fullFile": "",
          "file": "",
          "beforeHooks": [],
          "afterHooks": [],
          "tests": [
            {
              "title": "Search for inappropriate products",
              "fullTitle": "Search Test Search for inappropriate products",
              "timedOut": null,
              "duration": 9587,
              "state": "passed",
              "speed": "slow",
              "pass": true,
              "fail": false,
              "pending": false,
              "context": null,
              "code": "cy.get('.shopee-searchbar-input__input').type(searchFail);\ncy.get('.btn').click();\ncy.wait(3000);\ncy.url().should('eq', \"https://shopee.vn/search?keyword=\".concat(searchFail));\ncy.wait(3000);\ncy.get('.shopee-search-empty-result-section').should('be.visible');",
              "err": {},
              "uuid": "53a3681c-b2fd-4b8d-b0d8-50b9f121174b",
              "parentUUID": "e452cb57-7816-4a50-b2df-4b5eec8e49ad",
              "isHook": false,
              "skipped": false
            },
            {
              "title": "Search tivi samsung",
              "fullTitle": "Search Test Search tivi samsung",
              "timedOut": null,
              "duration": 14384,
              "state": "passed",
              "speed": "slow",
              "pass": true,
              "fail": false,
              "pending": false,
              "context": null,
              "code": "cy.get('.shopee-searchbar-input__input').type('{selectall}').type('{del}').type(search);\ncy.get('.btn').click();\ncy.wait(3000);\ncy.url().should('eq', \"https://shopee.vn/search?keyword=\".concat(search));\ncy.wait(3000);\ncy.get(':nth-child(5) > .shopee-recommend-search-word > .shopee-recommend-search-word__mask').click();\ncy.wait(3000);\ncy.get(':nth-child(5) > .shopee-recommend-search-word > .shopee-recommend-search-word__mask').click();\ncy.wait(3000);\ncy.get('.shopee-search-result-header__text').contains('Kết quả tìm kiếm cho từ khoá \\'samsung thiết bị điện tử tivi\\'');\ncy.get('.row > .shopee-search-item-result__item').its('length').should('be.gt', 0);\ncy.get('.row > :nth-child(1)').contains('Samsung');",
              "err": {},
              "uuid": "0588084d-b4b1-4142-a733-75cd4cf1e993",
              "parentUUID": "e452cb57-7816-4a50-b2df-4b5eec8e49ad",
              "isHook": false,
              "skipped": false
            }
          ],
          "suites": [],
          "passes": [
            "53a3681c-b2fd-4b8d-b0d8-50b9f121174b",
            "0588084d-b4b1-4142-a733-75cd4cf1e993"
          ],
          "failures": [],
          "pending": [],
          "skipped": [],
          "duration": 23971,
          "root": false,
          "rootEmpty": false,
          "_timeout": 2000
        }
      ],
      "passes": [],
      "failures": [],
      "pending": [],
      "skipped": [],
      "duration": 0,
      "root": true,
      "rootEmpty": true,
      "_timeout": 2000
    }
  ],
  "meta": {
    "mocha": {
      "version": "7.0.1"
    },
    "mochawesome": {
      "options": {
        "quiet": false,
        "reportFilename": "mochawesome",
        "saveHtml": false,
        "saveJson": true,
        "consoleReporter": "spec",
        "useInlineDiffs": false,
        "code": true
      },
      "version": "6.1.1"
    },
    "marge": {
      "options": {
        "id": "default",
        "reportDir": "cypress/reports/mocha",
        "quite": true,
        "overwrite": false,
        "html": false,
        "json": true
      },
      "version": "5.1.0"
    }
  }
}