{
  "stats": {
    "suites": 1,
    "tests": 4,
    "passes": 0,
    "pending": 0,
    "failures": 4,
    "start": "2020-07-24T04:10:25.124Z",
    "end": "2020-07-24T04:10:30.291Z",
    "duration": 5167,
    "testsRegistered": 4,
    "passPercent": 0,
    "pendingPercent": 0,
    "other": 0,
    "hasOther": false,
    "skipped": 0,
    "hasSkipped": false
  },
  "results": [
    {
      "uuid": "df1f347f-3e73-4439-be05-bf39b6fe57de",
      "title": "",
      "fullFile": "cypress/integration/API/testAPI.js",
      "file": "cypress/integration/API/testAPI.js",
      "beforeHooks": [],
      "afterHooks": [],
      "tests": [],
      "suites": [
        {
          "uuid": "b85cbe83-54b7-42bb-b3f9-7586cffbd7e2",
          "title": "API Testing",
          "fullFile": "",
          "file": "",
          "beforeHooks": [],
          "afterHooks": [],
          "tests": [
            {
              "title": "GET ALL",
              "fullTitle": "API Testing GET ALL",
              "timedOut": null,
              "duration": 1682,
              "state": "failed",
              "speed": null,
              "pass": false,
              "fail": true,
              "pending": false,
              "context": null,
              "code": "cy.request('/users').then(function (response) {\n  cy.log(response);\n  expect(response).to.have.property('status', 200);\n  expect(response.body).to.not.be[\"null\"];\n  expect(response.body.listUser).to.have.length(18);\n});",
              "err": {
                "message": "CypressError: `cy.request()` failed trying to load:\n\nhttp://localhost:3001/api/v1/users\n\nWe attempted to make an http request to this URL but the request failed without a response.\n\nWe received this error at the network level:\n\n  > Error: connect ECONNREFUSED 127.0.0.1:3001\n\n-----------------------------------------------------------\n\nThe request we sent was:\n\nMethod: GET\nURL: http://localhost:3001/api/v1/users\n\n-----------------------------------------------------------\n\nCommon situations why this would fail:\n  - you don't have internet access\n  - you forgot to run / boot your web server\n  - your web server isn't accessible\n  - you have weird network configuration settings on your computer\n\nhttps://on.cypress.io/request",
                "estack": "CypressError: `cy.request()` failed trying to load:\n\nhttp://localhost:3001/api/v1/users\n\nWe attempted to make an http request to this URL but the request failed without a response.\n\nWe received this error at the network level:\n\n  > Error: connect ECONNREFUSED 127.0.0.1:3001\n\n-----------------------------------------------------------\n\nThe request we sent was:\n\nMethod: GET\nURL: http://localhost:3001/api/v1/users\n\n-----------------------------------------------------------\n\nCommon situations why this would fail:\n  - you don't have internet access\n  - you forgot to run / boot your web server\n  - your web server isn't accessible\n  - you have weird network configuration settings on your computer\n\nhttps://on.cypress.io/request\n    at https://shopee.vn/__cypress/runner/cypress_runner.js:157721:19\n    at tryCatcher (https://shopee.vn/__cypress/runner/cypress_runner.js:9956:23)\n    at https://shopee.vn/__cypress/runner/cypress_runner.js:5095:37\n    at tryCatcher (https://shopee.vn/__cypress/runner/cypress_runner.js:9956:23)\n    at Promise._settlePromiseFromHandler (https://shopee.vn/__cypress/runner/cypress_runner.js:7891:31)\n    at Promise._settlePromise (https://shopee.vn/__cypress/runner/cypress_runner.js:7948:18)\n    at Promise._settlePromise0 (https://shopee.vn/__cypress/runner/cypress_runner.js:7993:10)\n    at Promise._settlePromises (https://shopee.vn/__cypress/runner/cypress_runner.js:8069:18)\n    at _drainQueueStep (https://shopee.vn/__cypress/runner/cypress_runner.js:4663:12)\n    at _drainQueue (https://shopee.vn/__cypress/runner/cypress_runner.js:4656:9)\n    at Async.../../node_modules/bluebird/js/release/async.js.Async._drainQueues (https://shopee.vn/__cypress/runner/cypress_runner.js:4672:5)\n    at Async.drainQueues (https://shopee.vn/__cypress/runner/cypress_runner.js:4542:14)\nFrom Your Spec Code:\n    at Context.eval (https://shopee.vn/__cypress/tests?p=cypress/integration/API/testAPI.js:7:8)\n\nFrom Node.js Internals:\n  RequestError: Error: connect ECONNREFUSED 127.0.0.1:3001\n      at new RequestError (/home/levanthao/.cache/Cypress/4.11.0/Cypress/resources/app/packages/server/node_modules/request-promise-core/lib/errors.js:14:15)\n      at Request.plumbing.callback (/home/levanthao/.cache/Cypress/4.11.0/Cypress/resources/app/packages/server/node_modules/request-promise-core/lib/plumbing.js:87:29)\n      at Request.RP$callback [as _callback] (/home/levanthao/.cache/Cypress/4.11.0/Cypress/resources/app/packages/server/node_modules/request-promise-core/lib/plumbing.js:46:31)\n      at self.callback (/home/levanthao/.cache/Cypress/4.11.0/Cypress/resources/app/packages/server/node_modules/@cypress/request/request.js:185:22)\n      at Request.emit (events.js:210:5)\n      at Request.onRequestError (/home/levanthao/.cache/Cypress/4.11.0/Cypress/resources/app/packages/server/node_modules/@cypress/request/request.js:877:8)\n      at ClientRequest.emit (events.js:215:7)\n      at Socket.socketErrorListener (_http_client.js:406:9)\n      at Socket.emit (events.js:210:5)\n      at emitErrorNT (internal/streams/destroy.js:92:8)\n      at emitErrorAndCloseNT (internal/streams/destroy.js:60:3)\n      at processTicksAndRejections (internal/process/task_queues.js:80:21)\n  ",
                "diff": null
              },
              "uuid": "43d3197f-e62d-45b5-b773-c4c8784b5e14",
              "parentUUID": "b85cbe83-54b7-42bb-b3f9-7586cffbd7e2",
              "isHook": false,
              "skipped": false
            },
            {
              "title": "GET BY ID",
              "fullTitle": "API Testing GET BY ID",
              "timedOut": null,
              "duration": 958,
              "state": "failed",
              "speed": null,
              "pass": false,
              "fail": true,
              "pending": false,
              "context": null,
              "code": "cy.request('/users/5eedb6ec02fa8821a288bf7d').then(function (response) {\n  expect(response).to.have.property('status', 200);\n  expect(response.body).to.not.be[\"null\"];\n  expect(response.body.user).to.have.haveOwnProperty('_id', '5eedb6ec02fa8821a288bf7d');\n});",
              "err": {
                "message": "CypressError: `cy.request()` failed trying to load:\n\nhttp://localhost:3001/api/v1/users/5eedb6ec02fa8821a288bf7d\n\nWe attempted to make an http request to this URL but the request failed without a response.\n\nWe received this error at the network level:\n\n  > Error: connect ECONNREFUSED 127.0.0.1:3001\n\n-----------------------------------------------------------\n\nThe request we sent was:\n\nMethod: GET\nURL: http://localhost:3001/api/v1/users/5eedb6ec02fa8821a288bf7d\n\n-----------------------------------------------------------\n\nCommon situations why this would fail:\n  - you don't have internet access\n  - you forgot to run / boot your web server\n  - your web server isn't accessible\n  - you have weird network configuration settings on your computer\n\nhttps://on.cypress.io/request",
                "estack": "CypressError: `cy.request()` failed trying to load:\n\nhttp://localhost:3001/api/v1/users/5eedb6ec02fa8821a288bf7d\n\nWe attempted to make an http request to this URL but the request failed without a response.\n\nWe received this error at the network level:\n\n  > Error: connect ECONNREFUSED 127.0.0.1:3001\n\n-----------------------------------------------------------\n\nThe request we sent was:\n\nMethod: GET\nURL: http://localhost:3001/api/v1/users/5eedb6ec02fa8821a288bf7d\n\n-----------------------------------------------------------\n\nCommon situations why this would fail:\n  - you don't have internet access\n  - you forgot to run / boot your web server\n  - your web server isn't accessible\n  - you have weird network configuration settings on your computer\n\nhttps://on.cypress.io/request\n    at https://shopee.vn/__cypress/runner/cypress_runner.js:157721:19\n    at tryCatcher (https://shopee.vn/__cypress/runner/cypress_runner.js:9956:23)\n    at https://shopee.vn/__cypress/runner/cypress_runner.js:5095:37\n    at tryCatcher (https://shopee.vn/__cypress/runner/cypress_runner.js:9956:23)\n    at Promise._settlePromiseFromHandler (https://shopee.vn/__cypress/runner/cypress_runner.js:7891:31)\n    at Promise._settlePromise (https://shopee.vn/__cypress/runner/cypress_runner.js:7948:18)\n    at Promise._settlePromise0 (https://shopee.vn/__cypress/runner/cypress_runner.js:7993:10)\n    at Promise._settlePromises (https://shopee.vn/__cypress/runner/cypress_runner.js:8069:18)\n    at _drainQueueStep (https://shopee.vn/__cypress/runner/cypress_runner.js:4663:12)\n    at _drainQueue (https://shopee.vn/__cypress/runner/cypress_runner.js:4656:9)\n    at Async.../../node_modules/bluebird/js/release/async.js.Async._drainQueues (https://shopee.vn/__cypress/runner/cypress_runner.js:4672:5)\n    at Async.drainQueues (https://shopee.vn/__cypress/runner/cypress_runner.js:4542:14)\nFrom Your Spec Code:\n    at Context.eval (https://shopee.vn/__cypress/tests?p=cypress/integration/API/testAPI.js:15:8)\n\nFrom Node.js Internals:\n  RequestError: Error: connect ECONNREFUSED 127.0.0.1:3001\n      at new RequestError (/home/levanthao/.cache/Cypress/4.11.0/Cypress/resources/app/packages/server/node_modules/request-promise-core/lib/errors.js:14:15)\n      at Request.plumbing.callback (/home/levanthao/.cache/Cypress/4.11.0/Cypress/resources/app/packages/server/node_modules/request-promise-core/lib/plumbing.js:87:29)\n      at Request.RP$callback [as _callback] (/home/levanthao/.cache/Cypress/4.11.0/Cypress/resources/app/packages/server/node_modules/request-promise-core/lib/plumbing.js:46:31)\n      at self.callback (/home/levanthao/.cache/Cypress/4.11.0/Cypress/resources/app/packages/server/node_modules/@cypress/request/request.js:185:22)\n      at Request.emit (events.js:210:5)\n      at Request.onRequestError (/home/levanthao/.cache/Cypress/4.11.0/Cypress/resources/app/packages/server/node_modules/@cypress/request/request.js:877:8)\n      at ClientRequest.emit (events.js:215:7)\n      at Socket.socketErrorListener (_http_client.js:406:9)\n      at Socket.emit (events.js:210:5)\n      at emitErrorNT (internal/streams/destroy.js:92:8)\n      at emitErrorAndCloseNT (internal/streams/destroy.js:60:3)\n      at processTicksAndRejections (internal/process/task_queues.js:80:21)\n  ",
                "diff": null
              },
              "uuid": "bc9dd06b-a609-47da-8026-152051199fdb",
              "parentUUID": "b85cbe83-54b7-42bb-b3f9-7586cffbd7e2",
              "isHook": false,
              "skipped": false
            },
            {
              "title": "PUT - Update",
              "fullTitle": "API Testing PUT - Update",
              "timedOut": null,
              "duration": 1140,
              "state": "failed",
              "speed": null,
              "pass": false,
              "fail": true,
              "pending": false,
              "context": null,
              "code": "var item = {\n  \"fullname\": \"LE VAN THAO\"\n};\ncy.request({\n  method: 'PUT',\n  url: '/users/5eedb6ec02fa8821a288bf7d',\n  body: item,\n  failOnStatusCode: false\n}).its('status').should('eq', 401);\ncy.request('/users/5eedb6ec02fa8821a288bf7d').then(function (response) {\n  expect(response).to.have.property('status', 200);\n  expect(response.body).to.not.be[\"null\"];\n  expect(response.body.user).to.have.haveOwnProperty('fullname', 'LE VAN THAO');\n});",
              "err": {
                "message": "CypressError: `cy.request()` failed trying to load:\n\nhttp://localhost:3001/api/v1/users/5eedb6ec02fa8821a288bf7d\n\nWe attempted to make an http request to this URL but the request failed without a response.\n\nWe received this error at the network level:\n\n  > Error: connect ECONNREFUSED 127.0.0.1:3001\n\n-----------------------------------------------------------\n\nThe request we sent was:\n\nMethod: PUT\nURL: http://localhost:3001/api/v1/users/5eedb6ec02fa8821a288bf7d\n\n-----------------------------------------------------------\n\nCommon situations why this would fail:\n  - you don't have internet access\n  - you forgot to run / boot your web server\n  - your web server isn't accessible\n  - you have weird network configuration settings on your computer\n\nhttps://on.cypress.io/request",
                "estack": "CypressError: `cy.request()` failed trying to load:\n\nhttp://localhost:3001/api/v1/users/5eedb6ec02fa8821a288bf7d\n\nWe attempted to make an http request to this URL but the request failed without a response.\n\nWe received this error at the network level:\n\n  > Error: connect ECONNREFUSED 127.0.0.1:3001\n\n-----------------------------------------------------------\n\nThe request we sent was:\n\nMethod: PUT\nURL: http://localhost:3001/api/v1/users/5eedb6ec02fa8821a288bf7d\n\n-----------------------------------------------------------\n\nCommon situations why this would fail:\n  - you don't have internet access\n  - you forgot to run / boot your web server\n  - your web server isn't accessible\n  - you have weird network configuration settings on your computer\n\nhttps://on.cypress.io/request\n    at https://shopee.vn/__cypress/runner/cypress_runner.js:157721:19\n    at tryCatcher (https://shopee.vn/__cypress/runner/cypress_runner.js:9956:23)\n    at https://shopee.vn/__cypress/runner/cypress_runner.js:5095:37\n    at tryCatcher (https://shopee.vn/__cypress/runner/cypress_runner.js:9956:23)\n    at Promise._settlePromiseFromHandler (https://shopee.vn/__cypress/runner/cypress_runner.js:7891:31)\n    at Promise._settlePromise (https://shopee.vn/__cypress/runner/cypress_runner.js:7948:18)\n    at Promise._settlePromise0 (https://shopee.vn/__cypress/runner/cypress_runner.js:7993:10)\n    at Promise._settlePromises (https://shopee.vn/__cypress/runner/cypress_runner.js:8069:18)\n    at _drainQueueStep (https://shopee.vn/__cypress/runner/cypress_runner.js:4663:12)\n    at _drainQueue (https://shopee.vn/__cypress/runner/cypress_runner.js:4656:9)\n    at Async.../../node_modules/bluebird/js/release/async.js.Async._drainQueues (https://shopee.vn/__cypress/runner/cypress_runner.js:4672:5)\n    at Async.drainQueues (https://shopee.vn/__cypress/runner/cypress_runner.js:4542:14)\nFrom Your Spec Code:\n    at Context.eval (https://shopee.vn/__cypress/tests?p=cypress/integration/API/testAPI.js:25:8)\n\nFrom Node.js Internals:\n  RequestError: Error: connect ECONNREFUSED 127.0.0.1:3001\n      at new RequestError (/home/levanthao/.cache/Cypress/4.11.0/Cypress/resources/app/packages/server/node_modules/request-promise-core/lib/errors.js:14:15)\n      at Request.plumbing.callback (/home/levanthao/.cache/Cypress/4.11.0/Cypress/resources/app/packages/server/node_modules/request-promise-core/lib/plumbing.js:87:29)\n      at Request.RP$callback [as _callback] (/home/levanthao/.cache/Cypress/4.11.0/Cypress/resources/app/packages/server/node_modules/request-promise-core/lib/plumbing.js:46:31)\n      at self.callback (/home/levanthao/.cache/Cypress/4.11.0/Cypress/resources/app/packages/server/node_modules/@cypress/request/request.js:185:22)\n      at Request.emit (events.js:210:5)\n      at Request.onRequestError (/home/levanthao/.cache/Cypress/4.11.0/Cypress/resources/app/packages/server/node_modules/@cypress/request/request.js:877:8)\n      at ClientRequest.emit (events.js:215:7)\n      at Socket.socketErrorListener (_http_client.js:406:9)\n      at Socket.emit (events.js:210:5)\n      at emitErrorNT (internal/streams/destroy.js:92:8)\n      at emitErrorAndCloseNT (internal/streams/destroy.js:60:3)\n      at processTicksAndRejections (internal/process/task_queues.js:80:21)\n  ",
                "diff": null
              },
              "uuid": "5c5a8e82-ed70-4e32-b7a3-f320e343cb11",
              "parentUUID": "b85cbe83-54b7-42bb-b3f9-7586cffbd7e2",
              "isHook": false,
              "skipped": false
            },
            {
              "title": "POST - Login",
              "fullTitle": "API Testing POST - Login",
              "timedOut": null,
              "duration": 858,
              "state": "failed",
              "speed": null,
              "pass": false,
              "fail": true,
              "pending": false,
              "context": null,
              "code": "var item = {\n  \"email\": \"yourlap@gmail.com\",\n  \"password\": \"yourlap@2020\"\n};\ncy.request({\n  method: 'POST',\n  url: '/login',\n  body: item,\n  failOnStatusCode: false\n}).then(function (response) {\n  expect(response).to.have.property('status', 200);\n  expect(response.body).to.not.be[\"null\"];\n  expect(response.body).to.have.property('message').eql('login successfully');\n  expect(response.body).to.have.property('access_token');\n});",
              "err": {
                "message": "CypressError: `cy.request()` failed trying to load:\n\nhttp://localhost:3001/api/v1/login\n\nWe attempted to make an http request to this URL but the request failed without a response.\n\nWe received this error at the network level:\n\n  > Error: connect ECONNREFUSED 127.0.0.1:3001\n\n-----------------------------------------------------------\n\nThe request we sent was:\n\nMethod: POST\nURL: http://localhost:3001/api/v1/login\n\n-----------------------------------------------------------\n\nCommon situations why this would fail:\n  - you don't have internet access\n  - you forgot to run / boot your web server\n  - your web server isn't accessible\n  - you have weird network configuration settings on your computer\n\nhttps://on.cypress.io/request",
                "estack": "CypressError: `cy.request()` failed trying to load:\n\nhttp://localhost:3001/api/v1/login\n\nWe attempted to make an http request to this URL but the request failed without a response.\n\nWe received this error at the network level:\n\n  > Error: connect ECONNREFUSED 127.0.0.1:3001\n\n-----------------------------------------------------------\n\nThe request we sent was:\n\nMethod: POST\nURL: http://localhost:3001/api/v1/login\n\n-----------------------------------------------------------\n\nCommon situations why this would fail:\n  - you don't have internet access\n  - you forgot to run / boot your web server\n  - your web server isn't accessible\n  - you have weird network configuration settings on your computer\n\nhttps://on.cypress.io/request\n    at https://shopee.vn/__cypress/runner/cypress_runner.js:157721:19\n    at tryCatcher (https://shopee.vn/__cypress/runner/cypress_runner.js:9956:23)\n    at https://shopee.vn/__cypress/runner/cypress_runner.js:5095:37\n    at tryCatcher (https://shopee.vn/__cypress/runner/cypress_runner.js:9956:23)\n    at Promise._settlePromiseFromHandler (https://shopee.vn/__cypress/runner/cypress_runner.js:7891:31)\n    at Promise._settlePromise (https://shopee.vn/__cypress/runner/cypress_runner.js:7948:18)\n    at Promise._settlePromise0 (https://shopee.vn/__cypress/runner/cypress_runner.js:7993:10)\n    at Promise._settlePromises (https://shopee.vn/__cypress/runner/cypress_runner.js:8069:18)\n    at _drainQueueStep (https://shopee.vn/__cypress/runner/cypress_runner.js:4663:12)\n    at _drainQueue (https://shopee.vn/__cypress/runner/cypress_runner.js:4656:9)\n    at Async.../../node_modules/bluebird/js/release/async.js.Async._drainQueues (https://shopee.vn/__cypress/runner/cypress_runner.js:4672:5)\n    at Async.drainQueues (https://shopee.vn/__cypress/runner/cypress_runner.js:4542:14)\nFrom Your Spec Code:\n    at Context.eval (https://shopee.vn/__cypress/tests?p=cypress/integration/API/testAPI.js:42:8)\n\nFrom Node.js Internals:\n  RequestError: Error: connect ECONNREFUSED 127.0.0.1:3001\n      at new RequestError (/home/levanthao/.cache/Cypress/4.11.0/Cypress/resources/app/packages/server/node_modules/request-promise-core/lib/errors.js:14:15)\n      at Request.plumbing.callback (/home/levanthao/.cache/Cypress/4.11.0/Cypress/resources/app/packages/server/node_modules/request-promise-core/lib/plumbing.js:87:29)\n      at Request.RP$callback [as _callback] (/home/levanthao/.cache/Cypress/4.11.0/Cypress/resources/app/packages/server/node_modules/request-promise-core/lib/plumbing.js:46:31)\n      at self.callback (/home/levanthao/.cache/Cypress/4.11.0/Cypress/resources/app/packages/server/node_modules/@cypress/request/request.js:185:22)\n      at Request.emit (events.js:210:5)\n      at Request.onRequestError (/home/levanthao/.cache/Cypress/4.11.0/Cypress/resources/app/packages/server/node_modules/@cypress/request/request.js:877:8)\n      at ClientRequest.emit (events.js:215:7)\n      at Socket.socketErrorListener (_http_client.js:406:9)\n      at Socket.emit (events.js:210:5)\n      at emitErrorNT (internal/streams/destroy.js:92:8)\n      at emitErrorAndCloseNT (internal/streams/destroy.js:60:3)\n      at processTicksAndRejections (internal/process/task_queues.js:80:21)\n  ",
                "diff": null
              },
              "uuid": "a7c203b8-36ad-4adc-81fc-cbd2226d58a1",
              "parentUUID": "b85cbe83-54b7-42bb-b3f9-7586cffbd7e2",
              "isHook": false,
              "skipped": false
            }
          ],
          "suites": [],
          "passes": [],
          "failures": [
            "43d3197f-e62d-45b5-b773-c4c8784b5e14",
            "bc9dd06b-a609-47da-8026-152051199fdb",
            "5c5a8e82-ed70-4e32-b7a3-f320e343cb11",
            "a7c203b8-36ad-4adc-81fc-cbd2226d58a1"
          ],
          "pending": [],
          "skipped": [],
          "duration": 4638,
          "root": false,
          "rootEmpty": false,
          "_timeout": 2000
        }
      ],
      "passes": [],
      "failures": [],
      "pending": [],
      "skipped": [],
      "duration": 0,
      "root": true,
      "rootEmpty": true,
      "_timeout": 2000
    }
  ],
  "meta": {
    "mocha": {
      "version": "7.0.1"
    },
    "mochawesome": {
      "options": {
        "quiet": false,
        "reportFilename": "mochawesome",
        "saveHtml": false,
        "saveJson": true,
        "consoleReporter": "spec",
        "useInlineDiffs": false,
        "code": true
      },
      "version": "6.1.1"
    },
    "marge": {
      "options": {
        "id": "default",
        "reportDir": "cypress/reports/mocha",
        "quite": true,
        "overwrite": false,
        "html": false,
        "json": true
      },
      "version": "5.1.0"
    }
  }
}