{
  "stats": {
    "suites": 1,
    "tests": 4,
    "passes": 4,
    "pending": 0,
    "failures": 0,
    "start": "2020-07-24T09:01:10.731Z",
    "end": "2020-07-24T09:01:15.963Z",
    "duration": 5232,
    "testsRegistered": 4,
    "passPercent": 100,
    "pendingPercent": 0,
    "other": 0,
    "hasOther": false,
    "skipped": 0,
    "hasSkipped": false
  },
  "results": [
    {
      "uuid": "76761b60-546d-48cd-a302-5ba5507a60d2",
      "title": "",
      "fullFile": "cypress/integration/API/testAPI.spec.js",
      "file": "cypress/integration/API/testAPI.spec.js",
      "beforeHooks": [],
      "afterHooks": [],
      "tests": [],
      "suites": [
        {
          "uuid": "14e50ee9-e052-4053-a260-5457b78e2e91",
          "title": "API Testing",
          "fullFile": "",
          "file": "",
          "beforeHooks": [],
          "afterHooks": [],
          "tests": [
            {
              "title": "GET ALL",
              "fullTitle": "API Testing GET ALL",
              "timedOut": null,
              "duration": 2570,
              "state": "passed",
              "speed": "slow",
              "pass": true,
              "fail": false,
              "pending": false,
              "context": null,
              "code": "cy.request('/users').then(function (response) {\n  cy.log(response);\n  expect(response).to.have.property('status', 200);\n  expect(response.body).to.not.be[\"null\"];\n  expect(response.body.listUser).to.have.length(18);\n});",
              "err": {},
              "uuid": "d84bb585-d00a-4bee-92b4-1ead65ad0ed7",
              "parentUUID": "14e50ee9-e052-4053-a260-5457b78e2e91",
              "isHook": false,
              "skipped": false
            },
            {
              "title": "GET BY ID",
              "fullTitle": "API Testing GET BY ID",
              "timedOut": null,
              "duration": 413,
              "state": "passed",
              "speed": "slow",
              "pass": true,
              "fail": false,
              "pending": false,
              "context": null,
              "code": "cy.request('/users/5eedb6ec02fa8821a288bf7d').then(function (response) {\n  expect(response).to.have.property('status', 200);\n  expect(response.body).to.not.be[\"null\"];\n  expect(response.body.user).to.have.haveOwnProperty('_id', '5eedb6ec02fa8821a288bf7d');\n});",
              "err": {},
              "uuid": "02a83c9f-e10d-4f92-9692-ba395dbcb0c4",
              "parentUUID": "14e50ee9-e052-4053-a260-5457b78e2e91",
              "isHook": false,
              "skipped": false
            },
            {
              "title": "PUT - Update",
              "fullTitle": "API Testing PUT - Update",
              "timedOut": null,
              "duration": 1180,
              "state": "passed",
              "speed": "slow",
              "pass": true,
              "fail": false,
              "pending": false,
              "context": null,
              "code": "var item = {\n  \"fullname\": \"LE VAN THAO\"\n};\ncy.request({\n  method: 'PUT',\n  url: '/users/5eedb6ec02fa8821a288bf7d',\n  body: item,\n  failOnStatusCode: false\n}).its('status').should('eq', 401);\ncy.request('/users/5eedb6ec02fa8821a288bf7d').then(function (response) {\n  expect(response).to.have.property('status', 200);\n  expect(response.body).to.not.be[\"null\"];\n  expect(response.body.user).to.have.haveOwnProperty('fullname', 'LE VAN THAO');\n});",
              "err": {},
              "uuid": "2093e2b3-fbba-4602-8769-c2a7cd37a177",
              "parentUUID": "14e50ee9-e052-4053-a260-5457b78e2e91",
              "isHook": false,
              "skipped": false
            },
            {
              "title": "POST - Login",
              "fullTitle": "API Testing POST - Login",
              "timedOut": null,
              "duration": 973,
              "state": "passed",
              "speed": "slow",
              "pass": true,
              "fail": false,
              "pending": false,
              "context": null,
              "code": "var item = {\n  \"email\": \"yourlap@gmail.com\",\n  \"password\": \"yourlap@2020\"\n};\ncy.request({\n  method: 'POST',\n  url: '/login',\n  body: item,\n  failOnStatusCode: false\n}).then(function (response) {\n  expect(response).to.have.property('status', 200);\n  expect(response.body).to.not.be[\"null\"];\n  expect(response.body).to.have.property('message').eql('login successfully');\n  expect(response.body).to.have.property('access_token');\n});",
              "err": {},
              "uuid": "c9194fc2-f647-4124-9bb5-250979d93235",
              "parentUUID": "14e50ee9-e052-4053-a260-5457b78e2e91",
              "isHook": false,
              "skipped": false
            }
          ],
          "suites": [],
          "passes": [
            "d84bb585-d00a-4bee-92b4-1ead65ad0ed7",
            "02a83c9f-e10d-4f92-9692-ba395dbcb0c4",
            "2093e2b3-fbba-4602-8769-c2a7cd37a177",
            "c9194fc2-f647-4124-9bb5-250979d93235"
          ],
          "failures": [],
          "pending": [],
          "skipped": [],
          "duration": 5136,
          "root": false,
          "rootEmpty": false,
          "_timeout": 2000
        }
      ],
      "passes": [],
      "failures": [],
      "pending": [],
      "skipped": [],
      "duration": 0,
      "root": true,
      "rootEmpty": true,
      "_timeout": 2000
    }
  ],
  "meta": {
    "mocha": {
      "version": "7.0.1"
    },
    "mochawesome": {
      "options": {
        "quiet": false,
        "reportFilename": "mochawesome",
        "saveHtml": false,
        "saveJson": true,
        "consoleReporter": "spec",
        "useInlineDiffs": false,
        "code": true
      },
      "version": "6.1.1"
    },
    "marge": {
      "options": {
        "id": "default",
        "reportDir": "cypress/reports/mocha",
        "quite": true,
        "overwrite": false,
        "html": false,
        "json": true
      },
      "version": "5.1.0"
    }
  }
}