{
  "stats": {
    "suites": 1,
    "tests": 1,
    "passes": 0,
    "pending": 0,
    "failures": 1,
    "start": "2020-07-24T04:12:24.916Z",
    "end": "2020-07-24T04:12:26.504Z",
    "duration": 1588,
    "testsRegistered": 1,
    "passPercent": 0,
    "pendingPercent": 0,
    "other": 0,
    "hasOther": false,
    "skipped": 0,
    "hasSkipped": false
  },
  "results": [
    {
      "uuid": "94ddf0e1-cc04-45a8-ad25-c8ca5235e073",
      "title": "",
      "fullFile": "cypress/integration/QA-FE/test-css.js",
      "file": "cypress/integration/QA-FE/test-css.js",
      "beforeHooks": [],
      "afterHooks": [],
      "tests": [],
      "suites": [
        {
          "uuid": "36490761-85a0-4041-8d51-ee696e0ada8b",
          "title": "CSS Test",
          "fullFile": "",
          "file": "",
          "beforeHooks": [],
          "afterHooks": [],
          "tests": [
            {
              "title": "changes background color",
              "fullTitle": "CSS Test changes background color",
              "timedOut": null,
              "duration": 1507,
              "state": "failed",
              "speed": null,
              "pass": false,
              "fail": true,
              "pending": false,
              "context": null,
              "code": "cy.visit('http://127.0.0.1:5500/test.html');\ncy.get('body').should('have.css', 'background-color', 'rgb(0, 0, 0)'); // select the new color value in the <input type=\"color\">\n// element and trigger \"change\" event\ncy.get('input[type=color]').invoke('val', '#ff0000').trigger('change'); // check the background color has been changed\ncy.get('body').should('have.css', 'background-color', 'rgb(255, 0, 0)');",
              "err": {
                "message": "CypressError: `cy.visit()` failed trying to load:\n\nhttp://127.0.0.1:5500/test.html\n\nWe attempted to make an http request to this URL but the request failed without a response.\n\nWe received this error at the network level:\n\n  > Error: connect ECONNREFUSED 127.0.0.1:5500\n\nCommon situations why this would fail:\n  - you don't have internet access\n  - you forgot to run / boot your web server\n  - your web server isn't accessible\n  - you have weird network configuration settings on your computer",
                "estack": "CypressError: `cy.visit()` failed trying to load:\n\nhttp://127.0.0.1:5500/test.html\n\nWe attempted to make an http request to this URL but the request failed without a response.\n\nWe received this error at the network level:\n\n  > Error: connect ECONNREFUSED 127.0.0.1:5500\n\nCommon situations why this would fail:\n  - you don't have internet access\n  - you forgot to run / boot your web server\n  - your web server isn't accessible\n  - you have weird network configuration settings on your computer\n    at https://shopee.vn/__cypress/runner/cypress_runner.js:156598:23\n    at visitFailedByErr (https://shopee.vn/__cypress/runner/cypress_runner.js:155959:12)\n    at https://shopee.vn/__cypress/runner/cypress_runner.js:156597:11\n    at tryCatcher (https://shopee.vn/__cypress/runner/cypress_runner.js:9956:23)\n    at Promise._settlePromiseFromHandler (https://shopee.vn/__cypress/runner/cypress_runner.js:7891:31)\n    at Promise._settlePromise (https://shopee.vn/__cypress/runner/cypress_runner.js:7948:18)\n    at Promise._settlePromise0 (https://shopee.vn/__cypress/runner/cypress_runner.js:7993:10)\n    at Promise._settlePromises (https://shopee.vn/__cypress/runner/cypress_runner.js:8069:18)\n    at _drainQueueStep (https://shopee.vn/__cypress/runner/cypress_runner.js:4663:12)\n    at _drainQueue (https://shopee.vn/__cypress/runner/cypress_runner.js:4656:9)\n    at Async.../../node_modules/bluebird/js/release/async.js.Async._drainQueues (https://shopee.vn/__cypress/runner/cypress_runner.js:4672:5)\n    at Async.drainQueues (https://shopee.vn/__cypress/runner/cypress_runner.js:4542:14)\nFrom Your Spec Code:\n    at Context.eval (https://shopee.vn/__cypress/tests?p=cypress/integration/QA-FE/test-css.js:6:8)\n\nFrom Node.js Internals:\n  Error: connect ECONNREFUSED 127.0.0.1:5500\n      at TCPConnectWrap.afterConnect [as oncomplete] (net.js:1128:14)\n  ",
                "diff": null
              },
              "uuid": "1354cbbd-a429-4528-89a2-221258d1e067",
              "parentUUID": "36490761-85a0-4041-8d51-ee696e0ada8b",
              "isHook": false,
              "skipped": false
            }
          ],
          "suites": [],
          "passes": [],
          "failures": [
            "1354cbbd-a429-4528-89a2-221258d1e067"
          ],
          "pending": [],
          "skipped": [],
          "duration": 1507,
          "root": false,
          "rootEmpty": false,
          "_timeout": 2000
        }
      ],
      "passes": [],
      "failures": [],
      "pending": [],
      "skipped": [],
      "duration": 0,
      "root": true,
      "rootEmpty": true,
      "_timeout": 2000
    }
  ],
  "meta": {
    "mocha": {
      "version": "7.0.1"
    },
    "mochawesome": {
      "options": {
        "quiet": false,
        "reportFilename": "mochawesome",
        "saveHtml": false,
        "saveJson": true,
        "consoleReporter": "spec",
        "useInlineDiffs": false,
        "code": true
      },
      "version": "6.1.1"
    },
    "marge": {
      "options": {
        "id": "default",
        "reportDir": "cypress/reports/mocha",
        "quite": true,
        "overwrite": false,
        "html": false,
        "json": true
      },
      "version": "5.1.0"
    }
  }
}