{
  "stats": {
    "suites": 1,
    "tests": 2,
    "passes": 2,
    "pending": 0,
    "failures": 0,
    "start": "2020-07-22T10:24:38.874Z",
    "end": "2020-07-22T10:25:03.896Z",
    "duration": 25022,
    "testsRegistered": 2,
    "passPercent": 100,
    "pendingPercent": 0,
    "other": 0,
    "hasOther": false,
    "skipped": 0,
    "hasSkipped": false
  },
  "results": [
    {
      "uuid": "7acddd57-19d8-4ceb-a31c-58c5ecb2137b",
      "title": "",
      "fullFile": "cypress/integration/QA-FE/test-search.js",
      "file": "cypress/integration/QA-FE/test-search.js",
      "beforeHooks": [],
      "afterHooks": [],
      "tests": [],
      "suites": [
        {
          "uuid": "c8b833fc-1d58-4d8d-bd8f-2050b661775a",
          "title": "Search Test",
          "fullFile": "",
          "file": "",
          "beforeHooks": [],
          "afterHooks": [],
          "tests": [
            {
              "title": "Search for inappropriate products",
              "fullTitle": "Search Test Search for inappropriate products",
              "timedOut": null,
              "duration": 10390,
              "state": "passed",
              "speed": "slow",
              "pass": true,
              "fail": false,
              "pending": false,
              "context": null,
              "code": "cy.get('.shopee-searchbar-input__input').type(searchFail);\ncy.get('.btn').click();\ncy.wait(3000);\ncy.url().should('eq', \"https://shopee.vn/search?keyword=\".concat(searchFail));\ncy.wait(3000);\ncy.get('.shopee-search-empty-result-section').should('be.visible');",
              "err": {},
              "uuid": "3420b34d-c764-4361-9ae1-cf5e002361d6",
              "parentUUID": "c8b833fc-1d58-4d8d-bd8f-2050b661775a",
              "isHook": false,
              "skipped": false
            },
            {
              "title": "Search tivi samsung",
              "fullTitle": "Search Test Search tivi samsung",
              "timedOut": null,
              "duration": 14472,
              "state": "passed",
              "speed": "slow",
              "pass": true,
              "fail": false,
              "pending": false,
              "context": null,
              "code": "cy.get('.shopee-searchbar-input__input').type('{selectall}').type('{del}').type(search);\ncy.get('.btn').click();\ncy.wait(3000);\ncy.url().should('eq', \"https://shopee.vn/search?keyword=\".concat(search));\ncy.wait(3000);\ncy.get(':nth-child(5) > .shopee-recommend-search-word > .shopee-recommend-search-word__mask').click();\ncy.wait(3000);\ncy.get(':nth-child(5) > .shopee-recommend-search-word > .shopee-recommend-search-word__mask').click();\ncy.wait(3000);\ncy.get('.shopee-search-result-header__text').contains('Kết quả tìm kiếm cho từ khoá \\'samsung thiết bị điện tử tivi\\'');\ncy.get('.row > .shopee-search-item-result__item').its('length').should('be.gt', 0);\ncy.get('.row > :nth-child(1)').contains('Samsung');",
              "err": {},
              "uuid": "4cab796e-1501-43c4-9f11-213f91e2f2d8",
              "parentUUID": "c8b833fc-1d58-4d8d-bd8f-2050b661775a",
              "isHook": false,
              "skipped": false
            }
          ],
          "suites": [],
          "passes": [
            "3420b34d-c764-4361-9ae1-cf5e002361d6",
            "4cab796e-1501-43c4-9f11-213f91e2f2d8"
          ],
          "failures": [],
          "pending": [],
          "skipped": [],
          "duration": 24862,
          "root": false,
          "rootEmpty": false,
          "_timeout": 2000
        }
      ],
      "passes": [],
      "failures": [],
      "pending": [],
      "skipped": [],
      "duration": 0,
      "root": true,
      "rootEmpty": true,
      "_timeout": 2000
    }
  ],
  "meta": {
    "mocha": {
      "version": "7.0.1"
    },
    "mochawesome": {
      "options": {
        "quiet": false,
        "reportFilename": "mochawesome",
        "saveHtml": false,
        "saveJson": true,
        "consoleReporter": "spec",
        "useInlineDiffs": false,
        "code": true
      },
      "version": "6.1.1"
    },
    "marge": {
      "options": {
        "id": "default",
        "reportDir": "cypress/reports/mocha",
        "quite": true,
        "overwrite": false,
        "html": false,
        "json": true
      },
      "version": "5.1.0"
    }
  }
}