{
  "stats": {
    "suites": 1,
    "tests": 4,
    "passes": 3,
    "pending": 0,
    "failures": 1,
    "start": "2020-07-24T04:12:32.390Z",
    "end": "2020-07-24T04:13:17.905Z",
    "duration": 45515,
    "testsRegistered": 4,
    "passPercent": 75,
    "pendingPercent": 0,
    "other": 0,
    "hasOther": false,
    "skipped": 0,
    "hasSkipped": false
  },
  "results": [
    {
      "uuid": "fa24324b-27ac-413e-97d1-2d511ac52e80",
      "title": "",
      "fullFile": "cypress/integration/QA-FE/test-login.js",
      "file": "cypress/integration/QA-FE/test-login.js",
      "beforeHooks": [],
      "afterHooks": [],
      "tests": [],
      "suites": [
        {
          "uuid": "e5c74997-576a-4bc8-a50a-53d01b2cca33",
          "title": "Login test",
          "fullFile": "",
          "file": "",
          "beforeHooks": [],
          "afterHooks": [],
          "tests": [
            {
              "title": "Don't type data",
              "fullTitle": "Login test Don't type data",
              "timedOut": null,
              "duration": 6502,
              "state": "passed",
              "speed": "slow",
              "pass": true,
              "fail": false,
              "pending": false,
              "context": null,
              "code": "cy.get('.CCz-NV').should('be.disabled');",
              "err": {},
              "uuid": "5a17e9c7-34da-41a0-8d58-3a92d8968375",
              "parentUUID": "e5c74997-576a-4bc8-a50a-53d01b2cca33",
              "isHook": false,
              "skipped": false
            },
            {
              "title": "Type email and don't type password",
              "fullTitle": "Login test Type email and don't type password",
              "timedOut": null,
              "duration": 1799,
              "state": "passed",
              "speed": "slow",
              "pass": true,
              "fail": false,
              "pending": false,
              "context": null,
              "code": "cy.get('._1HkukX > .FcG1bN > ._56AraZ').type('{selectall}').type('{del}').type(email);\ncy.get('.CCz-NV').should('be.disabled');",
              "err": {},
              "uuid": "764538e0-7e00-44a3-bb45-ccb6b1f55ec5",
              "parentUUID": "e5c74997-576a-4bc8-a50a-53d01b2cca33",
              "isHook": false,
              "skipped": false
            },
            {
              "title": "Account entry does not exist",
              "fullTitle": "Login test Account entry does not exist",
              "timedOut": null,
              "duration": 2965,
              "state": "passed",
              "speed": "slow",
              "pass": true,
              "fail": false,
              "pending": false,
              "context": null,
              "code": "cy.typeData(emailFail, password);\ncy.get('.uud8ko').should('be.visible');\ncy.get('.uud8ko').contains('Đăng nhập KHÔNG thành công. Bạn vui lòng thử lại hoặc đăng nhập bằng cách khác nhé!');",
              "err": {},
              "uuid": "66027013-b029-4fc3-8dc2-163178aee4e7",
              "parentUUID": "e5c74997-576a-4bc8-a50a-53d01b2cca33",
              "isHook": false,
              "skipped": false
            },
            {
              "title": "Login success",
              "fullTitle": "Login test Login success",
              "timedOut": null,
              "duration": 33677,
              "state": "failed",
              "speed": null,
              "pass": false,
              "fail": true,
              "pending": false,
              "context": null,
              "code": "cy.typeData(email, password);\ncy.get('.CCz-NV').click();\ncy.wait(30000);\ncy.get('._25c6dS').click();\ncy.url().should('eq', 'https://shopee.vn/');\ncy.get('.shopee-popup__close-btn').click();\ncy.get('.navbar__username').contains('levanthao_2104');",
              "err": {
                "message": "CypressError: `cy.click()` can only be called on a single element. Your subject contained 4 elements. Pass `{ multiple: true }` if you want to serially click each element.\n\nhttps://on.cypress.io/click",
                "estack": "CypressError: `cy.click()` can only be called on a single element. Your subject contained 4 elements. Pass `{ multiple: true }` if you want to serially click each element.\n\nhttps://on.cypress.io/click\n    at mouseAction (https://shopee.vn/__cypress/runner/cypress_runner.js:150888:17)\n    at Context.click (https://shopee.vn/__cypress/runner/cypress_runner.js:151032:14)\n    at Context.<anonymous> (https://shopee.vn/__cypress/runner/cypress_runner.js:167810:21)\nFrom Your Spec Code:\n    at Context.eval (https://shopee.vn/__cypress/tests?p=cypress/integration/QA-FE/test-login.js:27:24)",
                "diff": null
              },
              "uuid": "504b7fec-1e2b-4237-9847-0505f274b5ca",
              "parentUUID": "e5c74997-576a-4bc8-a50a-53d01b2cca33",
              "isHook": false,
              "skipped": false
            }
          ],
          "suites": [],
          "passes": [
            "5a17e9c7-34da-41a0-8d58-3a92d8968375",
            "764538e0-7e00-44a3-bb45-ccb6b1f55ec5",
            "66027013-b029-4fc3-8dc2-163178aee4e7"
          ],
          "failures": [
            "504b7fec-1e2b-4237-9847-0505f274b5ca"
          ],
          "pending": [],
          "skipped": [],
          "duration": 44943,
          "root": false,
          "rootEmpty": false,
          "_timeout": 2000
        }
      ],
      "passes": [],
      "failures": [],
      "pending": [],
      "skipped": [],
      "duration": 0,
      "root": true,
      "rootEmpty": true,
      "_timeout": 2000
    }
  ],
  "meta": {
    "mocha": {
      "version": "7.0.1"
    },
    "mochawesome": {
      "options": {
        "quiet": false,
        "reportFilename": "mochawesome",
        "saveHtml": false,
        "saveJson": true,
        "consoleReporter": "spec",
        "useInlineDiffs": false,
        "code": true
      },
      "version": "6.1.1"
    },
    "marge": {
      "options": {
        "id": "default",
        "reportDir": "cypress/reports/mocha",
        "quite": true,
        "overwrite": false,
        "html": false,
        "json": true
      },
      "version": "5.1.0"
    }
  }
}