{
  "stats": {
    "suites": 10,
    "tests": 28,
    "passes": 21,
    "pending": 3,
    "failures": 4,
    "start": "2020-07-24T09:05:58.758Z",
    "end": "2020-07-24T09:05:58.758Z",
    "duration": 201976,
    "testsRegistered": 28,
    "passPercent": 75,
    "pendingPercent": 10.714285714285714,
    "other": 0,
    "hasOther": false,
    "skipped": 0,
    "hasSkipped": false
  },
  "results": [
    {
      "uuid": "76761b60-546d-48cd-a302-5ba5507a60d2",
      "title": "",
      "fullFile": "cypress/integration/API/testAPI.spec.js",
      "file": "cypress/integration/API/testAPI.spec.js",
      "beforeHooks": [],
      "afterHooks": [],
      "tests": [],
      "suites": [
        {
          "uuid": "14e50ee9-e052-4053-a260-5457b78e2e91",
          "title": "API Testing",
          "fullFile": "",
          "file": "",
          "beforeHooks": [],
          "afterHooks": [],
          "tests": [
            {
              "title": "GET ALL",
              "fullTitle": "API Testing GET ALL",
              "timedOut": null,
              "duration": 2570,
              "state": "passed",
              "speed": "slow",
              "pass": true,
              "fail": false,
              "pending": false,
              "context": null,
              "code": "cy.request('/users').then(function (response) {\n  cy.log(response);\n  expect(response).to.have.property('status', 200);\n  expect(response.body).to.not.be[\"null\"];\n  expect(response.body.listUser).to.have.length(18);\n});",
              "err": {},
              "uuid": "d84bb585-d00a-4bee-92b4-1ead65ad0ed7",
              "parentUUID": "14e50ee9-e052-4053-a260-5457b78e2e91",
              "isHook": false,
              "skipped": false
            },
            {
              "title": "GET BY ID",
              "fullTitle": "API Testing GET BY ID",
              "timedOut": null,
              "duration": 413,
              "state": "passed",
              "speed": "slow",
              "pass": true,
              "fail": false,
              "pending": false,
              "context": null,
              "code": "cy.request('/users/5eedb6ec02fa8821a288bf7d').then(function (response) {\n  expect(response).to.have.property('status', 200);\n  expect(response.body).to.not.be[\"null\"];\n  expect(response.body.user).to.have.haveOwnProperty('_id', '5eedb6ec02fa8821a288bf7d');\n});",
              "err": {},
              "uuid": "02a83c9f-e10d-4f92-9692-ba395dbcb0c4",
              "parentUUID": "14e50ee9-e052-4053-a260-5457b78e2e91",
              "isHook": false,
              "skipped": false
            },
            {
              "title": "PUT - Update",
              "fullTitle": "API Testing PUT - Update",
              "timedOut": null,
              "duration": 1180,
              "state": "passed",
              "speed": "slow",
              "pass": true,
              "fail": false,
              "pending": false,
              "context": null,
              "code": "var item = {\n  \"fullname\": \"LE VAN THAO\"\n};\ncy.request({\n  method: 'PUT',\n  url: '/users/5eedb6ec02fa8821a288bf7d',\n  body: item,\n  failOnStatusCode: false\n}).its('status').should('eq', 401);\ncy.request('/users/5eedb6ec02fa8821a288bf7d').then(function (response) {\n  expect(response).to.have.property('status', 200);\n  expect(response.body).to.not.be[\"null\"];\n  expect(response.body.user).to.have.haveOwnProperty('fullname', 'LE VAN THAO');\n});",
              "err": {},
              "uuid": "2093e2b3-fbba-4602-8769-c2a7cd37a177",
              "parentUUID": "14e50ee9-e052-4053-a260-5457b78e2e91",
              "isHook": false,
              "skipped": false
            },
            {
              "title": "POST - Login",
              "fullTitle": "API Testing POST - Login",
              "timedOut": null,
              "duration": 973,
              "state": "passed",
              "speed": "slow",
              "pass": true,
              "fail": false,
              "pending": false,
              "context": null,
              "code": "var item = {\n  \"email\": \"yourlap@gmail.com\",\n  \"password\": \"yourlap@2020\"\n};\ncy.request({\n  method: 'POST',\n  url: '/login',\n  body: item,\n  failOnStatusCode: false\n}).then(function (response) {\n  expect(response).to.have.property('status', 200);\n  expect(response.body).to.not.be[\"null\"];\n  expect(response.body).to.have.property('message').eql('login successfully');\n  expect(response.body).to.have.property('access_token');\n});",
              "err": {},
              "uuid": "c9194fc2-f647-4124-9bb5-250979d93235",
              "parentUUID": "14e50ee9-e052-4053-a260-5457b78e2e91",
              "isHook": false,
              "skipped": false
            }
          ],
          "suites": [],
          "passes": [
            "d84bb585-d00a-4bee-92b4-1ead65ad0ed7",
            "02a83c9f-e10d-4f92-9692-ba395dbcb0c4",
            "2093e2b3-fbba-4602-8769-c2a7cd37a177",
            "c9194fc2-f647-4124-9bb5-250979d93235"
          ],
          "failures": [],
          "pending": [],
          "skipped": [],
          "duration": 5136,
          "root": false,
          "rootEmpty": false,
          "_timeout": 2000
        }
      ],
      "passes": [],
      "failures": [],
      "pending": [],
      "skipped": [],
      "duration": 0,
      "root": true,
      "rootEmpty": true,
      "_timeout": 2000
    },
    {
      "uuid": "a7b8a06e-2446-42d1-92fa-2db1a06ee52b",
      "title": "",
      "fullFile": "cypress/integration/functions/unit-test.spec.js",
      "file": "cypress/integration/functions/unit-test.spec.js",
      "beforeHooks": [],
      "afterHooks": [],
      "tests": [],
      "suites": [
        {
          "uuid": "33a3ec85-a8ee-48e5-9873-499cf56b173d",
          "title": "Unit Test Application Code",
          "fullFile": "",
          "file": "",
          "beforeHooks": [],
          "afterHooks": [],
          "tests": [],
          "suites": [
            {
              "uuid": "19bb0794-8da3-49bc-9e8c-6062b465e0ef",
              "title": "math.js",
              "fullFile": "",
              "file": "",
              "beforeHooks": [],
              "afterHooks": [],
              "tests": [
                {
                  "title": "can add numbers",
                  "fullTitle": "Unit Test Application Code math.js can add numbers",
                  "timedOut": null,
                  "duration": 67,
                  "state": "passed",
                  "speed": "medium",
                  "pass": true,
                  "fail": false,
                  "pending": false,
                  "context": null,
                  "code": "expect(add(1, 2)).to.eq(3);",
                  "err": {},
                  "uuid": "96c7c2a8-e0d1-4738-b7dd-43ec386a5e3a",
                  "parentUUID": "19bb0794-8da3-49bc-9e8c-6062b465e0ef",
                  "isHook": false,
                  "skipped": false
                },
                {
                  "title": "can subtract numbers",
                  "fullTitle": "Unit Test Application Code math.js can subtract numbers",
                  "timedOut": null,
                  "duration": 52,
                  "state": "passed",
                  "speed": "medium",
                  "pass": true,
                  "fail": false,
                  "pending": false,
                  "context": null,
                  "code": "expect(subtract(5, 12)).to.eq(-7);",
                  "err": {},
                  "uuid": "005eb3de-d9ec-4991-9a83-b616062cd881",
                  "parentUUID": "19bb0794-8da3-49bc-9e8c-6062b465e0ef",
                  "isHook": false,
                  "skipped": false
                },
                {
                  "title": "can divide numbers",
                  "fullTitle": "Unit Test Application Code math.js can divide numbers",
                  "timedOut": null,
                  "duration": 26,
                  "state": "passed",
                  "speed": "fast",
                  "pass": true,
                  "fail": false,
                  "pending": false,
                  "context": null,
                  "code": "expect(divide(27, 9)).to.eq(3);",
                  "err": {},
                  "uuid": "bba691fb-088e-4e1d-b13a-ce41a5186a40",
                  "parentUUID": "19bb0794-8da3-49bc-9e8c-6062b465e0ef",
                  "isHook": false,
                  "skipped": false
                },
                {
                  "title": "can divide numbers",
                  "fullTitle": "Unit Test Application Code math.js can divide numbers",
                  "timedOut": null,
                  "duration": 40,
                  "state": "passed",
                  "speed": "medium",
                  "pass": true,
                  "fail": false,
                  "pending": false,
                  "context": null,
                  "code": "expect(divide(27, 0)).to.eq(Infinity);",
                  "err": {},
                  "uuid": "a19a0026-2c00-4d81-bf85-32c25a4088e1",
                  "parentUUID": "19bb0794-8da3-49bc-9e8c-6062b465e0ef",
                  "isHook": false,
                  "skipped": false
                },
                {
                  "title": "can muliple numbers",
                  "fullTitle": "Unit Test Application Code math.js can muliple numbers",
                  "timedOut": null,
                  "duration": 8,
                  "state": "passed",
                  "speed": "fast",
                  "pass": true,
                  "fail": false,
                  "pending": false,
                  "context": null,
                  "code": "expect(multiply(5, 4)).to.eq(20);",
                  "err": {},
                  "uuid": "ee226087-dc8a-4989-935a-88f0abb5ff86",
                  "parentUUID": "19bb0794-8da3-49bc-9e8c-6062b465e0ef",
                  "isHook": false,
                  "skipped": false
                }
              ],
              "suites": [],
              "passes": [
                "96c7c2a8-e0d1-4738-b7dd-43ec386a5e3a",
                "005eb3de-d9ec-4991-9a83-b616062cd881",
                "bba691fb-088e-4e1d-b13a-ce41a5186a40",
                "a19a0026-2c00-4d81-bf85-32c25a4088e1",
                "ee226087-dc8a-4989-935a-88f0abb5ff86"
              ],
              "failures": [],
              "pending": [],
              "skipped": [],
              "duration": 193,
              "root": false,
              "rootEmpty": false,
              "_timeout": 2000
            }
          ],
          "passes": [],
          "failures": [],
          "pending": [],
          "skipped": [],
          "duration": 0,
          "root": false,
          "rootEmpty": false,
          "_timeout": 2000
        }
      ],
      "passes": [],
      "failures": [],
      "pending": [],
      "skipped": [],
      "duration": 0,
      "root": true,
      "rootEmpty": true,
      "_timeout": 2000
    },
    {
      "uuid": "4a5d5109-4db2-44d7-b0db-a9823daf61e2",
      "title": "",
      "fullFile": "cypress/integration/ObjectModelLogin/test-POMLogin.spec.js",
      "file": "cypress/integration/ObjectModelLogin/test-POMLogin.spec.js",
      "beforeHooks": [],
      "afterHooks": [],
      "tests": [],
      "suites": [
        {
          "uuid": "2368e282-f434-4dc1-b2ca-939af9d88884",
          "title": "Login",
          "fullFile": "",
          "file": "",
          "beforeHooks": [],
          "afterHooks": [],
          "tests": [
            {
              "title": "Sign in",
              "fullTitle": "Login Sign in",
              "timedOut": null,
              "duration": 41317,
              "state": "failed",
              "speed": null,
              "pass": false,
              "fail": true,
              "pending": false,
              "context": null,
              "code": "cy.visit('/buyer/login?next=https%253A%252F%252Fshopee.vn%252F');\ncy.fixture('variable').then(function (user) {\n  login.email().type(user.email);\n  login.password().type(user.password);\n});\nlogin.signInButton().should('be.visible').click();\ncy.wait(30000);\ncy.get('._25c6dS').click();\ncy.url().should('eq', 'https://shopee.vn/');\ncy.get('.navbar__username').contains('levanthao_2104');",
              "err": {
                "message": "CypressError: Timed out retrying: `cy.click()` failed because this element is `disabled`:\n\n`<button class=\"_25c6dS _2revuH CCz-NV _3LF8FC _1wmlc0 _1YKfmR E73q_w\" disabled=\"\">Xác nhận</button>`\n\nFix this problem, or use `{force: true}` to disable error checking.\n\nhttps://on.cypress.io/element-cannot-be-interacted-with",
                "estack": "CypressError: Timed out retrying: `cy.click()` failed because this element is `disabled`:\n\n`<button class=\"_25c6dS _2revuH CCz-NV _3LF8FC _1wmlc0 _1YKfmR E73q_w\" disabled=\"\">Xác nhận</button>`\n\nFix this problem, or use `{force: true}` to disable error checking.\n\nhttps://on.cypress.io/element-cannot-be-interacted-with\n    at $Cy.ensureNotDisabled (https://shopee.vn/__cypress/runner/cypress_runner.js:159656:24)\n    at runAllChecks (https://shopee.vn/__cypress/runner/cypress_runner.js:148809:14)\n    at retryActionability (https://shopee.vn/__cypress/runner/cypress_runner.js:148865:16)\n    at tryCatcher (https://shopee.vn/__cypress/runner/cypress_runner.js:10130:23)\n    at Function.Promise.attempt.Promise.try (https://shopee.vn/__cypress/runner/cypress_runner.js:7404:29)\n    at tryFn (https://shopee.vn/__cypress/runner/cypress_runner.js:162938:24)\n    at whenStable (https://shopee.vn/__cypress/runner/cypress_runner.js:162979:12)\n    at https://shopee.vn/__cypress/runner/cypress_runner.js:162502:16\n    at tryCatcher (https://shopee.vn/__cypress/runner/cypress_runner.js:10130:23)\n    at Promise._settlePromiseFromHandler (https://shopee.vn/__cypress/runner/cypress_runner.js:8065:31)\n    at Promise._settlePromise (https://shopee.vn/__cypress/runner/cypress_runner.js:8122:18)\n    at Promise._settlePromise0 (https://shopee.vn/__cypress/runner/cypress_runner.js:8167:10)\n    at Promise._settlePromises (https://shopee.vn/__cypress/runner/cypress_runner.js:8247:18)\n    at Promise._fulfill (https://shopee.vn/__cypress/runner/cypress_runner.js:8191:18)\n    at https://shopee.vn/__cypress/runner/cypress_runner.js:9805:46\nFrom Your Spec Code:\n    at Context.eval (https://shopee.vn/__cypress/tests?p=cypress/integration/ObjectModelLogin/test-POMLogin.spec.js:94:24)",
                "diff": null
              },
              "uuid": "2ded640d-2a9e-4224-80ba-d7c1210edcb6",
              "parentUUID": "2368e282-f434-4dc1-b2ca-939af9d88884",
              "isHook": false,
              "skipped": false
            }
          ],
          "suites": [],
          "passes": [],
          "failures": [
            "2ded640d-2a9e-4224-80ba-d7c1210edcb6"
          ],
          "pending": [],
          "skipped": [],
          "duration": 41317,
          "root": false,
          "rootEmpty": false,
          "_timeout": 2000
        }
      ],
      "passes": [],
      "failures": [],
      "pending": [],
      "skipped": [],
      "duration": 0,
      "root": true,
      "rootEmpty": true,
      "_timeout": 2000
    },
    {
      "uuid": "7359f0ed-fca4-4d38-8622-b59ed5b5be22",
      "title": "",
      "fullFile": "cypress/integration/QA-FE/tamp.spec.js",
      "file": "cypress/integration/QA-FE/tamp.spec.js",
      "beforeHooks": [],
      "afterHooks": [],
      "tests": [],
      "suites": [
        {
          "uuid": "6972f0fe-1800-4d1d-a451-74c2ef848cad",
          "title": "Cart Test",
          "fullFile": "",
          "file": "",
          "beforeHooks": [],
          "afterHooks": [],
          "tests": [
            {
              "title": "Check the cart when have not login",
              "fullTitle": "Cart Test Check the cart when have not login",
              "timedOut": null,
              "duration": 30784,
              "state": "failed",
              "speed": null,
              "pass": false,
              "fail": true,
              "pending": false,
              "context": null,
              "code": "cy.visit(\"https://your-lap.herokuapp.com\", {\n  timeout: 30000\n});\ncy.screenshot();",
              "err": {
                "message": "CypressError: Timed out after waiting `30000ms` for your remote page to load.\n\nYour page did not fire its `load` event within `30000ms`.\n\nYou can try increasing the `pageLoadTimeout` value in `cypress.json` to wait longer.\n\nBrowsers will not fire the `load` event until all stylesheets and scripts are done downloading.\n\nWhen this `load` event occurs, Cypress will continue running commands.",
                "estack": "CypressError: Timed out after waiting `30000ms` for your remote page to load.\n\nYour page did not fire its `load` event within `30000ms`.\n\nYou can try increasing the `pageLoadTimeout` value in `cypress.json` to wait longer.\n\nBrowsers will not fire the `load` event until all stylesheets and scripts are done downloading.\n\nWhen this `load` event occurs, Cypress will continue running commands.\n    at timedOutWaitingForPageLoad (https://shopee.vn/__cypress/runner/cypress_runner.js:155493:13)\n    at https://shopee.vn/__cypress/runner/cypress_runner.js:156469:16\n    at tryCatcher (https://shopee.vn/__cypress/runner/cypress_runner.js:10130:23)\n    at https://shopee.vn/__cypress/runner/cypress_runner.js:5252:41\n    at tryCatcher (https://shopee.vn/__cypress/runner/cypress_runner.js:10130:23)\n    at Promise._settlePromiseFromHandler (https://shopee.vn/__cypress/runner/cypress_runner.js:8065:31)\n    at Promise._settlePromise (https://shopee.vn/__cypress/runner/cypress_runner.js:8122:18)\n    at Promise._settlePromise0 (https://shopee.vn/__cypress/runner/cypress_runner.js:8167:10)\n    at Promise._settlePromises (https://shopee.vn/__cypress/runner/cypress_runner.js:8243:18)\n    at _drainQueueStep (https://shopee.vn/__cypress/runner/cypress_runner.js:4837:12)\n    at _drainQueue (https://shopee.vn/__cypress/runner/cypress_runner.js:4830:9)\n    at Async.../../node_modules/bluebird/js/release/async.js.Async._drainQueues (https://shopee.vn/__cypress/runner/cypress_runner.js:4846:5)\n    at Async.drainQueues (https://shopee.vn/__cypress/runner/cypress_runner.js:4716:14)\nFrom Your Spec Code:\n    at Context.eval (https://shopee.vn/__cypress/tests?p=cypress/integration/QA-FE/tamp.spec.js:6:8)",
                "diff": null
              },
              "uuid": "fc90c66d-fe85-42d8-b2f1-471a65210432",
              "parentUUID": "6972f0fe-1800-4d1d-a451-74c2ef848cad",
              "isHook": false,
              "skipped": false
            }
          ],
          "suites": [],
          "passes": [],
          "failures": [
            "fc90c66d-fe85-42d8-b2f1-471a65210432"
          ],
          "pending": [],
          "skipped": [],
          "duration": 30784,
          "root": false,
          "rootEmpty": false,
          "_timeout": 2000
        }
      ],
      "passes": [],
      "failures": [],
      "pending": [],
      "skipped": [],
      "duration": 0,
      "root": true,
      "rootEmpty": true,
      "_timeout": 2000
    },
    {
      "uuid": "221cd312-b1e5-4bfc-a917-f01166cc176e",
      "title": "",
      "fullFile": "cypress/integration/QA-FE/test-cart.spec.js",
      "file": "cypress/integration/QA-FE/test-cart.spec.js",
      "beforeHooks": [],
      "afterHooks": [],
      "tests": [],
      "suites": [
        {
          "uuid": "d5e286bb-9ed7-4c66-ab45-94dc7dd741ab",
          "title": "Cart Test",
          "fullFile": "",
          "file": "",
          "beforeHooks": [],
          "afterHooks": [],
          "tests": [
            {
              "title": "Check the cart when have not login",
              "fullTitle": "Cart Test Check the cart when have not login",
              "timedOut": null,
              "duration": 0,
              "state": "pending",
              "speed": null,
              "pass": false,
              "fail": false,
              "pending": true,
              "context": null,
              "code": "",
              "err": {},
              "uuid": "27801630-d7da-43a3-8f61-28233ef030db",
              "parentUUID": "d5e286bb-9ed7-4c66-ab45-94dc7dd741ab",
              "isHook": false,
              "skipped": false
            }
          ],
          "suites": [
            {
              "uuid": "c4412ab5-6031-4614-9785-124325fd9d39",
              "title": "Check Cart When Login",
              "fullFile": "",
              "file": "",
              "beforeHooks": [],
              "afterHooks": [],
              "tests": [
                {
                  "title": "Check the cart when you have not added the product",
                  "fullTitle": "Cart Test Check Cart When Login Check the cart when you have not added the product",
                  "timedOut": null,
                  "duration": 0,
                  "state": "pending",
                  "speed": null,
                  "pass": false,
                  "fail": false,
                  "pending": true,
                  "context": null,
                  "code": "",
                  "err": {},
                  "uuid": "9214affe-d5e3-4e15-ae23-dc6a5edea4e4",
                  "parentUUID": "c4412ab5-6031-4614-9785-124325fd9d39",
                  "isHook": false,
                  "skipped": false
                },
                {
                  "title": "Check add product to cart",
                  "fullTitle": "Cart Test Check Cart When Login Check add product to cart",
                  "timedOut": null,
                  "duration": 0,
                  "state": "pending",
                  "speed": null,
                  "pass": false,
                  "fail": false,
                  "pending": true,
                  "context": null,
                  "code": "",
                  "err": {},
                  "uuid": "fc86388c-05c2-4d7e-bc94-66677b730ef1",
                  "parentUUID": "c4412ab5-6031-4614-9785-124325fd9d39",
                  "isHook": false,
                  "skipped": false
                },
                {
                  "title": "Delete product in cart",
                  "fullTitle": "Cart Test Check Cart When Login Delete product in cart",
                  "timedOut": null,
                  "duration": 40816,
                  "state": "failed",
                  "speed": null,
                  "pass": false,
                  "fail": true,
                  "pending": false,
                  "context": null,
                  "code": "cy.get('.cart-drawer-container').click();\ncy.wait(3000);\ncy.url().should('includes', '/shopping_cart');\ncy.get('.cart-item__cell-actions').click();\ncy.wait(2000);\ncy.get('.shopee-alert-popup').should('be.visible');\ncy.get('.shopee-alert-popup__button-horizontal-layout > .btn-solid-primary').click();\ncy.wait(2000);\ncy.get('.UM4yVY').contains('Giỏ hàng của bạn còn trống');",
                  "err": {
                    "message": "CypressError: Timed out retrying: `cy.click()` failed because this element is `disabled`:\n\n`<button class=\"_25c6dS _2revuH CCz-NV _3LF8FC _1wmlc0 _1YKfmR E73q_w\" disabled=\"\">Xác nhận</button>`\n\nFix this problem, or use `{force: true}` to disable error checking.\n\nhttps://on.cypress.io/element-cannot-be-interacted-with\n\nBecause this error occurred during a `before each` hook we are skipping the remaining tests in the current suite: `Check Cart When Login`",
                    "estack": "CypressError: Timed out retrying: `cy.click()` failed because this element is `disabled`:\n\n`<button class=\"_25c6dS _2revuH CCz-NV _3LF8FC _1wmlc0 _1YKfmR E73q_w\" disabled=\"\">Xác nhận</button>`\n\nFix this problem, or use `{force: true}` to disable error checking.\n\nhttps://on.cypress.io/element-cannot-be-interacted-with\n\nBecause this error occurred during a `before each` hook we are skipping the remaining tests in the current suite: `Check Cart When Login`\n    at $Cy.ensureNotDisabled (https://shopee.vn/__cypress/runner/cypress_runner.js:159656:24)\n    at runAllChecks (https://shopee.vn/__cypress/runner/cypress_runner.js:148809:14)\n    at retryActionability (https://shopee.vn/__cypress/runner/cypress_runner.js:148865:16)\n    at tryCatcher (https://shopee.vn/__cypress/runner/cypress_runner.js:10130:23)\n    at Function.Promise.attempt.Promise.try (https://shopee.vn/__cypress/runner/cypress_runner.js:7404:29)\n    at tryFn (https://shopee.vn/__cypress/runner/cypress_runner.js:162938:24)\n    at whenStable (https://shopee.vn/__cypress/runner/cypress_runner.js:162979:12)\n    at https://shopee.vn/__cypress/runner/cypress_runner.js:162502:16\n    at tryCatcher (https://shopee.vn/__cypress/runner/cypress_runner.js:10130:23)\n    at Promise._settlePromiseFromHandler (https://shopee.vn/__cypress/runner/cypress_runner.js:8065:31)\n    at Promise._settlePromise (https://shopee.vn/__cypress/runner/cypress_runner.js:8122:18)\n    at Promise._settlePromise0 (https://shopee.vn/__cypress/runner/cypress_runner.js:8167:10)\n    at Promise._settlePromises (https://shopee.vn/__cypress/runner/cypress_runner.js:8247:18)\n    at Promise._fulfill (https://shopee.vn/__cypress/runner/cypress_runner.js:8191:18)\n    at https://shopee.vn/__cypress/runner/cypress_runner.js:9805:46\nFrom Your Spec Code:\n    at Context.eval (https://shopee.vn/__cypress/tests?p=cypress/support/index.js:528:22)",
                    "diff": null
                  },
                  "uuid": "34b5a888-e3e2-4e84-88ee-00a288930d1f",
                  "parentUUID": "c4412ab5-6031-4614-9785-124325fd9d39",
                  "isHook": false,
                  "skipped": false
                }
              ],
              "suites": [],
              "passes": [],
              "failures": [
                "34b5a888-e3e2-4e84-88ee-00a288930d1f"
              ],
              "pending": [
                "9214affe-d5e3-4e15-ae23-dc6a5edea4e4",
                "fc86388c-05c2-4d7e-bc94-66677b730ef1"
              ],
              "skipped": [],
              "duration": 40816,
              "root": false,
              "rootEmpty": false,
              "_timeout": 2000
            }
          ],
          "passes": [],
          "failures": [],
          "pending": [
            "27801630-d7da-43a3-8f61-28233ef030db"
          ],
          "skipped": [],
          "duration": 0,
          "root": false,
          "rootEmpty": false,
          "_timeout": 2000
        }
      ],
      "passes": [],
      "failures": [],
      "pending": [],
      "skipped": [],
      "duration": 0,
      "root": true,
      "rootEmpty": true,
      "_timeout": 2000
    },
    {
      "uuid": "1414abd9-ca4a-410b-8320-df51d38f1652",
      "title": "",
      "fullFile": "cypress/integration/QA-FE/test-css.spec.js",
      "file": "cypress/integration/QA-FE/test-css.spec.js",
      "beforeHooks": [],
      "afterHooks": [],
      "tests": [],
      "suites": [
        {
          "uuid": "02fb415f-6484-48ac-95af-f5ee988a0dab",
          "title": "CSS Test",
          "fullFile": "",
          "file": "",
          "beforeHooks": [],
          "afterHooks": [],
          "tests": [
            {
              "title": "changes background color",
              "fullTitle": "CSS Test changes background color",
              "timedOut": null,
              "duration": 220,
              "state": "passed",
              "speed": "slow",
              "pass": true,
              "fail": false,
              "pending": false,
              "context": null,
              "code": "cy.visit('http://127.0.0.1:5500/test.html');\ncy.get('body').should('have.css', 'background-color', 'rgb(0, 0, 0)'); // select the new color value in the <input type=\"color\">\n// element and trigger \"change\" event\ncy.get('input[type=color]').invoke('val', '#ff0000').trigger('change'); // check the background color has been changed\ncy.get('body').should('have.css', 'background-color', 'rgb(255, 0, 0)');",
              "err": {},
              "uuid": "e48c6016-9dca-4302-ac87-d21ac2fdb137",
              "parentUUID": "02fb415f-6484-48ac-95af-f5ee988a0dab",
              "isHook": false,
              "skipped": false
            }
          ],
          "suites": [],
          "passes": [
            "e48c6016-9dca-4302-ac87-d21ac2fdb137"
          ],
          "failures": [],
          "pending": [],
          "skipped": [],
          "duration": 220,
          "root": false,
          "rootEmpty": false,
          "_timeout": 2000
        }
      ],
      "passes": [],
      "failures": [],
      "pending": [],
      "skipped": [],
      "duration": 0,
      "root": true,
      "rootEmpty": true,
      "_timeout": 2000
    },
    {
      "uuid": "8800b274-e6b8-4ebc-9c0e-581236caef9a",
      "title": "",
      "fullFile": "cypress/integration/QA-FE/test-login.spec.js",
      "file": "cypress/integration/QA-FE/test-login.spec.js",
      "beforeHooks": [],
      "afterHooks": [],
      "tests": [],
      "suites": [
        {
          "uuid": "a903c842-6dc9-4b50-b258-edfcde598a8d",
          "title": "Login test",
          "fullFile": "",
          "file": "",
          "beforeHooks": [],
          "afterHooks": [],
          "tests": [
            {
              "title": "Don't type data",
              "fullTitle": "Login test Don't type data",
              "timedOut": null,
              "duration": 6011,
              "state": "passed",
              "speed": "slow",
              "pass": true,
              "fail": false,
              "pending": false,
              "context": null,
              "code": "cy.get('.CCz-NV').should('be.disabled');",
              "err": {},
              "uuid": "5c91aee3-29f7-4687-84c7-90706d39480f",
              "parentUUID": "a903c842-6dc9-4b50-b258-edfcde598a8d",
              "isHook": false,
              "skipped": false
            },
            {
              "title": "Type email and don't type password",
              "fullTitle": "Login test Type email and don't type password",
              "timedOut": null,
              "duration": 1434,
              "state": "passed",
              "speed": "slow",
              "pass": true,
              "fail": false,
              "pending": false,
              "context": null,
              "code": "cy.get('._1HkukX > .FcG1bN > ._56AraZ').type('{selectall}').type('{del}').type(email);\ncy.get('.CCz-NV').should('be.disabled');",
              "err": {},
              "uuid": "f4203426-57b8-4b0f-9f2c-1c5f566b9ccb",
              "parentUUID": "a903c842-6dc9-4b50-b258-edfcde598a8d",
              "isHook": false,
              "skipped": false
            },
            {
              "title": "Account entry does not exist",
              "fullTitle": "Login test Account entry does not exist",
              "timedOut": null,
              "duration": 2415,
              "state": "passed",
              "speed": "slow",
              "pass": true,
              "fail": false,
              "pending": false,
              "context": null,
              "code": "cy.typeData(emailFail, password);\ncy.get('.uud8ko').should('be.visible');\ncy.get('.uud8ko').contains('Đăng nhập KHÔNG thành công. Bạn vui lòng thử lại hoặc đăng nhập bằng cách khác nhé!');",
              "err": {},
              "uuid": "5df0d989-2fb6-4677-89b6-678eb2a3816e",
              "parentUUID": "a903c842-6dc9-4b50-b258-edfcde598a8d",
              "isHook": false,
              "skipped": false
            },
            {
              "title": "Login success",
              "fullTitle": "Login test Login success",
              "timedOut": null,
              "duration": 36436,
              "state": "failed",
              "speed": null,
              "pass": false,
              "fail": true,
              "pending": false,
              "context": null,
              "code": "cy.typeData(email, password);\ncy.get('.CCz-NV').click();\ncy.wait(30000);\ncy.get('._25c6dS').click();\ncy.url().should('eq', 'https://shopee.vn/');\ncy.get('.shopee-popup__close-btn').click();\ncy.get('.navbar__username').contains('levanthao_2104');",
              "err": {
                "message": "CypressError: Timed out retrying: `cy.click()` failed because this element is `disabled`:\n\n`<button class=\"_25c6dS _2revuH CCz-NV _3LF8FC _1wmlc0 _1YKfmR E73q_w\" disabled=\"\">Xác nhận</button>`\n\nFix this problem, or use `{force: true}` to disable error checking.\n\nhttps://on.cypress.io/element-cannot-be-interacted-with",
                "estack": "CypressError: Timed out retrying: `cy.click()` failed because this element is `disabled`:\n\n`<button class=\"_25c6dS _2revuH CCz-NV _3LF8FC _1wmlc0 _1YKfmR E73q_w\" disabled=\"\">Xác nhận</button>`\n\nFix this problem, or use `{force: true}` to disable error checking.\n\nhttps://on.cypress.io/element-cannot-be-interacted-with\n    at $Cy.ensureNotDisabled (https://shopee.vn/__cypress/runner/cypress_runner.js:159656:24)\n    at runAllChecks (https://shopee.vn/__cypress/runner/cypress_runner.js:148809:14)\n    at retryActionability (https://shopee.vn/__cypress/runner/cypress_runner.js:148865:16)\n    at tryCatcher (https://shopee.vn/__cypress/runner/cypress_runner.js:10130:23)\n    at Function.Promise.attempt.Promise.try (https://shopee.vn/__cypress/runner/cypress_runner.js:7404:29)\n    at tryFn (https://shopee.vn/__cypress/runner/cypress_runner.js:162938:24)\n    at whenStable (https://shopee.vn/__cypress/runner/cypress_runner.js:162979:12)\n    at https://shopee.vn/__cypress/runner/cypress_runner.js:162502:16\n    at tryCatcher (https://shopee.vn/__cypress/runner/cypress_runner.js:10130:23)\n    at Promise._settlePromiseFromHandler (https://shopee.vn/__cypress/runner/cypress_runner.js:8065:31)\n    at Promise._settlePromise (https://shopee.vn/__cypress/runner/cypress_runner.js:8122:18)\n    at Promise._settlePromise0 (https://shopee.vn/__cypress/runner/cypress_runner.js:8167:10)\n    at Promise._settlePromises (https://shopee.vn/__cypress/runner/cypress_runner.js:8247:18)\n    at Promise._fulfill (https://shopee.vn/__cypress/runner/cypress_runner.js:8191:18)\n    at https://shopee.vn/__cypress/runner/cypress_runner.js:9805:46\nFrom Your Spec Code:\n    at Context.eval (https://shopee.vn/__cypress/tests?p=cypress/integration/QA-FE/test-login.spec.js:27:24)",
                "diff": null
              },
              "uuid": "d0fe46be-d8d9-4fdf-838b-541b580c6fad",
              "parentUUID": "a903c842-6dc9-4b50-b258-edfcde598a8d",
              "isHook": false,
              "skipped": false
            }
          ],
          "suites": [],
          "passes": [
            "5c91aee3-29f7-4687-84c7-90706d39480f",
            "f4203426-57b8-4b0f-9f2c-1c5f566b9ccb",
            "5df0d989-2fb6-4677-89b6-678eb2a3816e"
          ],
          "failures": [
            "d0fe46be-d8d9-4fdf-838b-541b580c6fad"
          ],
          "pending": [],
          "skipped": [],
          "duration": 46296,
          "root": false,
          "rootEmpty": false,
          "_timeout": 2000
        }
      ],
      "passes": [],
      "failures": [],
      "pending": [],
      "skipped": [],
      "duration": 0,
      "root": true,
      "rootEmpty": true,
      "_timeout": 2000
    },
    {
      "uuid": "22657315-a3a2-4372-982d-533b4e5417ba",
      "title": "",
      "fullFile": "cypress/integration/QA-FE/test-reponsive.spec.js",
      "file": "cypress/integration/QA-FE/test-reponsive.spec.js",
      "beforeHooks": [],
      "afterHooks": [],
      "tests": [],
      "suites": [
        {
          "uuid": "a01ed523-66e8-4d12-b12c-5aa135eda606",
          "title": "Reponsive Test",
          "fullFile": "",
          "file": "",
          "beforeHooks": [],
          "afterHooks": [],
          "tests": [
            {
              "title": "has a visible star logo",
              "fullTitle": "Reponsive Test has a visible star logo",
              "timedOut": null,
              "duration": 2716,
              "state": "passed",
              "speed": "slow",
              "pass": true,
              "fail": false,
              "pending": false,
              "context": null,
              "code": "cy.get('.icon-logo-star').should('be.visible');",
              "err": {},
              "uuid": "0671e67d-172d-4007-bc8e-b8ccbad1a606",
              "parentUUID": "a01ed523-66e8-4d12-b12c-5aa135eda606",
              "isHook": false,
              "skipped": false
            },
            {
              "title": "contains \"CSS-Tricks\" in the title",
              "fullTitle": "Reponsive Test contains \"CSS-Tricks\" in the title",
              "timedOut": null,
              "duration": 1554,
              "state": "passed",
              "speed": "slow",
              "pass": true,
              "fail": false,
              "pending": false,
              "context": null,
              "code": "cy.title().should('contain', 'CSS-Tricks');",
              "err": {},
              "uuid": "7379454c-782f-4e34-b5d8-ceed3c04a68e",
              "parentUUID": "a01ed523-66e8-4d12-b12c-5aa135eda606",
              "isHook": false,
              "skipped": false
            },
            {
              "title": "with a screen of desktop viewport",
              "fullTitle": "Reponsive Test with a screen of desktop viewport",
              "timedOut": null,
              "duration": 1505,
              "state": "passed",
              "speed": "slow",
              "pass": true,
              "fail": false,
              "pending": false,
              "context": null,
              "code": "cy.viewport(1366, 1080);\ncy.get('#search-input').should('be.visible');",
              "err": {},
              "uuid": "057c7117-700c-4d1a-b8d0-490941b9f323",
              "parentUUID": "a01ed523-66e8-4d12-b12c-5aa135eda606",
              "isHook": false,
              "skipped": false
            },
            {
              "title": "with a screen of ipad pro viewport",
              "fullTitle": "Reponsive Test with a screen of ipad pro viewport",
              "timedOut": null,
              "duration": 1669,
              "state": "passed",
              "speed": "slow",
              "pass": true,
              "fail": false,
              "pending": false,
              "context": null,
              "code": "cy.viewport(1024, 1366);\ncy.get('#search-input').should('be.hidden');",
              "err": {},
              "uuid": "f49c6729-2647-404c-8170-bdd0b23f9453",
              "parentUUID": "a01ed523-66e8-4d12-b12c-5aa135eda606",
              "isHook": false,
              "skipped": false
            },
            {
              "title": "with a screen of iphone 6/7/8 plus viewport",
              "fullTitle": "Reponsive Test with a screen of iphone 6/7/8 plus viewport",
              "timedOut": null,
              "duration": 1354,
              "state": "passed",
              "speed": "slow",
              "pass": true,
              "fail": false,
              "pending": false,
              "context": null,
              "code": "cy.viewport(414, 736);\ncy.get('.icon-burger').should('be.visible');",
              "err": {},
              "uuid": "36ace571-6884-433c-90ca-acbe12ece516",
              "parentUUID": "a01ed523-66e8-4d12-b12c-5aa135eda606",
              "isHook": false,
              "skipped": false
            }
          ],
          "suites": [],
          "passes": [
            "0671e67d-172d-4007-bc8e-b8ccbad1a606",
            "7379454c-782f-4e34-b5d8-ceed3c04a68e",
            "057c7117-700c-4d1a-b8d0-490941b9f323",
            "f49c6729-2647-404c-8170-bdd0b23f9453",
            "36ace571-6884-433c-90ca-acbe12ece516"
          ],
          "failures": [],
          "pending": [],
          "skipped": [],
          "duration": 8798,
          "root": false,
          "rootEmpty": false,
          "_timeout": 2000
        }
      ],
      "passes": [],
      "failures": [],
      "pending": [],
      "skipped": [],
      "duration": 0,
      "root": true,
      "rootEmpty": true,
      "_timeout": 2000
    },
    {
      "uuid": "e96c8fb3-dc6b-4bea-8dd8-6ee68b730edc",
      "title": "",
      "fullFile": "cypress/integration/QA-FE/test-search.spec.js",
      "file": "cypress/integration/QA-FE/test-search.spec.js",
      "beforeHooks": [],
      "afterHooks": [],
      "tests": [],
      "suites": [
        {
          "uuid": "e1df4e1f-bd4c-45bf-b79d-5f432174edac",
          "title": "Search Test",
          "fullFile": "",
          "file": "",
          "beforeHooks": [],
          "afterHooks": [],
          "tests": [
            {
              "title": "Search for inappropriate products",
              "fullTitle": "Search Test Search for inappropriate products",
              "timedOut": null,
              "duration": 12511,
              "state": "passed",
              "speed": "slow",
              "pass": true,
              "fail": false,
              "pending": false,
              "context": null,
              "code": "cy.get('.shopee-searchbar-input__input').type(searchFail);\ncy.get('.btn').click();\ncy.wait(3000);\ncy.url().should('eq', \"https://shopee.vn/search?keyword=\".concat(searchFail));\ncy.wait(3000);\ncy.get('.shopee-search-empty-result-section').should('be.visible');",
              "err": {},
              "uuid": "82bd9d4e-cc58-4add-b91b-784d4dd0e055",
              "parentUUID": "e1df4e1f-bd4c-45bf-b79d-5f432174edac",
              "isHook": false,
              "skipped": false
            },
            {
              "title": "Search tivi samsung",
              "fullTitle": "Search Test Search tivi samsung",
              "timedOut": null,
              "duration": 14386,
              "state": "passed",
              "speed": "slow",
              "pass": true,
              "fail": false,
              "pending": false,
              "context": null,
              "code": "cy.get('.shopee-searchbar-input__input').type('{selectall}').type('{del}').type(search);\ncy.get('.btn').click();\ncy.wait(3000);\ncy.url().should('eq', \"https://shopee.vn/search?keyword=\".concat(search));\ncy.wait(3000);\ncy.get(':nth-child(5) > .shopee-recommend-search-word > .shopee-recommend-search-word__mask').click();\ncy.wait(3000);\ncy.get(':nth-child(5) > .shopee-recommend-search-word > .shopee-recommend-search-word__mask').click();\ncy.wait(3000);\ncy.get('.shopee-search-result-header__text').contains('Kết quả tìm kiếm cho từ khoá \\'samsung thiết bị điện tử tivi\\'');\ncy.get('.row > .shopee-search-item-result__item').its('length').should('be.gt', 0);\ncy.get('.row > :nth-child(1)').contains('Samsung');",
              "err": {},
              "uuid": "57af6f92-c077-4862-841a-add98d454593",
              "parentUUID": "e1df4e1f-bd4c-45bf-b79d-5f432174edac",
              "isHook": false,
              "skipped": false
            }
          ],
          "suites": [],
          "passes": [
            "82bd9d4e-cc58-4add-b91b-784d4dd0e055",
            "57af6f92-c077-4862-841a-add98d454593"
          ],
          "failures": [],
          "pending": [],
          "skipped": [],
          "duration": 26897,
          "root": false,
          "rootEmpty": false,
          "_timeout": 2000
        }
      ],
      "passes": [],
      "failures": [],
      "pending": [],
      "skipped": [],
      "duration": 0,
      "root": true,
      "rootEmpty": true,
      "_timeout": 2000
    },
    {
      "uuid": "96bc2aed-8036-40e4-92ba-df5aa8dd6e7f",
      "title": "",
      "fullFile": "cypress/integration/QA-FE/test-uploadFile.spec.js",
      "file": "cypress/integration/QA-FE/test-uploadFile.spec.js",
      "beforeHooks": [],
      "afterHooks": [],
      "tests": [],
      "suites": [
        {
          "uuid": "f102c62a-92ae-4687-8795-92c1eb6266e3",
          "title": "Working with plugins",
          "fullFile": "",
          "file": "",
          "beforeHooks": [],
          "afterHooks": [],
          "tests": [
            {
              "title": "File upload",
              "fullTitle": "Working with plugins File upload",
              "timedOut": null,
              "duration": 1519,
              "state": "passed",
              "speed": "slow",
              "pass": true,
              "fail": false,
              "pending": false,
              "context": null,
              "code": "cy.visit('https://cgi-lib.berkeley.edu/ex/fup.html');\nvar fileName = 'test.txt';\ncy.get('[type=\"file\"]').attachFile(fileName);\ncy.get('[type=\"submit\"]').click();\ncy.contains(\"You've uploaded a file. Your notes on the file were:\");\ncy.get('pre').contains('test upload file');",
              "err": {},
              "uuid": "9b4ef310-7f26-41f6-9c88-d444482012a6",
              "parentUUID": "f102c62a-92ae-4687-8795-92c1eb6266e3",
              "isHook": false,
              "skipped": false
            }
          ],
          "suites": [],
          "passes": [
            "9b4ef310-7f26-41f6-9c88-d444482012a6"
          ],
          "failures": [],
          "pending": [],
          "skipped": [],
          "duration": 1519,
          "root": false,
          "rootEmpty": false,
          "_timeout": 2000
        }
      ],
      "passes": [],
      "failures": [],
      "pending": [],
      "skipped": [],
      "duration": 0,
      "root": true,
      "rootEmpty": true,
      "_timeout": 2000
    }
  ],
  "meta": {
    "mocha": {
      "version": "7.0.1"
    },
    "mochawesome": {
      "options": {
        "quiet": false,
        "reportFilename": "mochawesome",
        "saveHtml": false,
        "saveJson": true,
        "consoleReporter": "spec",
        "useInlineDiffs": false,
        "code": true
      },
      "version": "6.1.1"
    },
    "marge": {
      "options": {
        "id": "default",
        "reportDir": "cypress/reports/mocha",
        "quite": true,
        "overwrite": false,
        "html": false,
        "json": true
      },
      "version": "5.1.0"
    }
  }
}